Build started 18-Sep-15 2:27:36 PM.
     1>Project "C:\Users\jaseem\Workspace\SimbiconSourceCode2\release\src\GLUtils\GLUtils.vcxproj" on node 2 (Build target(s)).
     1>ClCompile:
         C:\Program Files (x86)\Microsoft Visual Studio 14.0\VC\bin\CL.exe /c /I../ /nologo /W3 /WX- /O2 /Ot /Oy- /D WIN32 /D NDEBUG /D _CONSOLE /D _VC80_UPGRADE=0x0710 /D _MBCS /Gm- /EHsc /MT /GS /arch:SSE2 /fp:precise /Zc:wchar_t /Zc:forScope /Zc:inline /Fo"Release\\" /Fd"Release\GLUtils.pdb" /Gd /TP /wd4996 /analyze- /errorReport:prompt GLCamera.cpp GLMesh.cpp GLTexture.cpp GLUtils.cpp OBJReader.cpp
         GLCamera.cpp
     1>../MathLib/mathLib.h(38): warning C4005: 'INFINITY': macro redefinition
         C:\Program Files (x86)\Windows Kits\10\Include\10.0.10150.0\ucrt\math.h(78): note: see previous definition of 'INFINITY'
     1>C:\Program Files (x86)\Microsoft Visual Studio 14.0\VC\include\limits(1119): warning C4056: overflow in floating-point constant arithmetic
         GLMesh.cpp
     1>../mathLib/mathLib.h(38): warning C4005: 'INFINITY': macro redefinition
         C:\Program Files (x86)\Windows Kits\10\Include\10.0.10150.0\ucrt\math.h(78): note: see previous definition of 'INFINITY'
     1>C:\Program Files (x86)\Microsoft Visual Studio 14.0\VC\include\limits(1119): warning C4056: overflow in floating-point constant arithmetic
         GLTexture.cpp
         GLUtils.cpp
     1>../MathLib/mathLib.h(38): warning C4005: 'INFINITY': macro redefinition
         C:\Program Files (x86)\Windows Kits\10\Include\10.0.10150.0\ucrt\math.h(78): note: see previous definition of 'INFINITY'
     1>C:\Program Files (x86)\Microsoft Visual Studio 14.0\VC\include\limits(1119): warning C4056: overflow in floating-point constant arithmetic
         OBJReader.cpp
     1>../mathLib/mathLib.h(38): warning C4005: 'INFINITY': macro redefinition
         C:\Program Files (x86)\Windows Kits\10\Include\10.0.10150.0\ucrt\math.h(78): note: see previous definition of 'INFINITY'
     1>C:\Program Files (x86)\Microsoft Visual Studio 14.0\VC\include\limits(1119): warning C4056: overflow in floating-point constant arithmetic
         Generating Code...
       Lib:
         C:\Program Files (x86)\Microsoft Visual Studio 14.0\VC\bin\Lib.exe /OUT:"..\binaries\Release\GLUtils.lib" /NOLOGO Release\GLCamera.obj
         Release\GLMesh.obj
         Release\GLTexture.obj
         Release\GLUtils.obj
         Release\OBJReader.obj
         GLUtils.vcxproj -> C:\Users\jaseem\Workspace\SimbiconSourceCode2\release\src\GLUtils\..\binaries\Release\GLUtils.lib
     1>Done Building Project "C:\Users\jaseem\Workspace\SimbiconSourceCode2\release\src\GLUtils\GLUtils.vcxproj" (Build target(s)).

Build succeeded.

Time Elapsed 00:00:07.05
