Build started 18-Sep-15 4:04:25 PM.
     1>Project "C:\Users\jaseem\Workspace\SimbiconSourceCode2\release\src\ode-0.13\build\vs2008\ode.vcxproj" on node 2 (Build target(s)).
     1>Lib:
         C:\Program Files (x86)\Microsoft Visual Studio 14.0\VC\bin\Lib.exe /OUT:"..\..\lib\ReleaseDoubleLib\ode.lib" user32.lib /NOLOGO obj\ReleaseDoubleLib\array.obj
         obj\ReleaseDoubleLib\box.obj
         obj\ReleaseDoubleLib\capsule.obj
         obj\ReleaseDoubleLib\collision_cylinder_box.obj
         obj\ReleaseDoubleLib\collision_cylinder_plane.obj
         obj\ReleaseDoubleLib\collision_cylinder_sphere.obj
         obj\ReleaseDoubleLib\collision_cylinder_trimesh.obj
         obj\ReleaseDoubleLib\collision_kernel.obj
         obj\ReleaseDoubleLib\collision_quadtreespace.obj
         obj\ReleaseDoubleLib\collision_sapspace.obj
         obj\ReleaseDoubleLib\collision_space.obj
         obj\ReleaseDoubleLib\collision_transform.obj
         obj\ReleaseDoubleLib\collision_trimesh_box.obj
         obj\ReleaseDoubleLib\collision_trimesh_ccylinder.obj
         obj\ReleaseDoubleLib\collision_trimesh_disabled.obj
         obj\ReleaseDoubleLib\collision_trimesh_distance.obj
         obj\ReleaseDoubleLib\collision_trimesh_gimpact.obj
         obj\ReleaseDoubleLib\collision_trimesh_opcode.obj
         obj\ReleaseDoubleLib\collision_trimesh_plane.obj
         obj\ReleaseDoubleLib\collision_trimesh_ray.obj
         obj\ReleaseDoubleLib\collision_trimesh_sphere.obj
         obj\ReleaseDoubleLib\collision_trimesh_trimesh.obj
         obj\ReleaseDoubleLib\collision_trimesh_trimesh_new.obj
         obj\ReleaseDoubleLib\collision_util.obj
         obj\ReleaseDoubleLib\convex.obj
         obj\ReleaseDoubleLib\cylinder.obj
         obj\ReleaseDoubleLib\error.obj
         "obj\ReleaseDoubleLib\export-dif.obj"
         obj\ReleaseDoubleLib\fastdot.obj
         obj\ReleaseDoubleLib\fastldlt.obj
         obj\ReleaseDoubleLib\fastlsolve.obj
         obj\ReleaseDoubleLib\fastltsolve.obj
         obj\ReleaseDoubleLib\heightfield.obj
         obj\ReleaseDoubleLib\amotor.obj
         obj\ReleaseDoubleLib\ball.obj
         obj\ReleaseDoubleLib\contact.obj
         obj\ReleaseDoubleLib\dball.obj
         obj\ReleaseDoubleLib\dhinge.obj
         obj\ReleaseDoubleLib\fixed.obj
         obj\ReleaseDoubleLib\hinge.obj
         obj\ReleaseDoubleLib\hinge2.obj
         obj\ReleaseDoubleLib\joint.obj
         obj\ReleaseDoubleLib\lmotor.obj
         obj\ReleaseDoubleLib\null.obj
         obj\ReleaseDoubleLib\piston.obj
         obj\ReleaseDoubleLib\plane2d.obj
         obj\ReleaseDoubleLib\pr.obj
         obj\ReleaseDoubleLib\pu.obj
         obj\ReleaseDoubleLib\slider.obj
         obj\ReleaseDoubleLib\transmission.obj
         obj\ReleaseDoubleLib\universal.obj
         obj\ReleaseDoubleLib\lcp.obj
         obj\ReleaseDoubleLib\mass.obj
         obj\ReleaseDoubleLib\mat.obj
         obj\ReleaseDoubleLib\matrix.obj
         obj\ReleaseDoubleLib\memory.obj
         obj\ReleaseDoubleLib\misc.obj
         obj\ReleaseDoubleLib\nextafterf.obj
         obj\ReleaseDoubleLib\objects.obj
         obj\ReleaseDoubleLib\obstack.obj
         obj\ReleaseDoubleLib\ode.obj
         obj\ReleaseDoubleLib\odeinit.obj
         obj\ReleaseDoubleLib\odemath.obj
         obj\ReleaseDoubleLib\odeou.obj
         obj\ReleaseDoubleLib\odetls.obj
         obj\ReleaseDoubleLib\plane.obj
         obj\ReleaseDoubleLib\quickstep.obj
         obj\ReleaseDoubleLib\ray.obj
         obj\ReleaseDoubleLib\rotation.obj
         obj\ReleaseDoubleLib\sphere.obj
         obj\ReleaseDoubleLib\step.obj
         obj\ReleaseDoubleLib\threading_base.obj
         obj\ReleaseDoubleLib\threading_impl.obj
         obj\ReleaseDoubleLib\threading_pool_posix.obj
         obj\ReleaseDoubleLib\threading_pool_win.obj
         obj\ReleaseDoubleLib\timer.obj
         obj\ReleaseDoubleLib\util.obj
         obj\ReleaseDoubleLib\IceAABB.obj
         obj\ReleaseDoubleLib\IceContainer.obj
         obj\ReleaseDoubleLib\IceHPoint.obj
         obj\ReleaseDoubleLib\IceIndexedTriangle.obj
         obj\ReleaseDoubleLib\IceMatrix3x3.obj
         obj\ReleaseDoubleLib\IceMatrix4x4.obj
         obj\ReleaseDoubleLib\IceOBB.obj
         obj\ReleaseDoubleLib\IcePlane.obj
         obj\ReleaseDoubleLib\IcePoint.obj
         obj\ReleaseDoubleLib\IceRandom.obj
         obj\ReleaseDoubleLib\IceRay.obj
         obj\ReleaseDoubleLib\IceRevisitedRadix.obj
         obj\ReleaseDoubleLib\IceSegment.obj
         obj\ReleaseDoubleLib\IceTriangle.obj
         obj\ReleaseDoubleLib\IceUtils.obj
         obj\ReleaseDoubleLib\Opcode.obj
         obj\ReleaseDoubleLib\OPC_AABBCollider.obj
         obj\ReleaseDoubleLib\OPC_AABBTree.obj
         obj\ReleaseDoubleLib\OPC_BaseModel.obj
         obj\ReleaseDoubleLib\OPC_Collider.obj
         obj\ReleaseDoubleLib\OPC_Common.obj
         obj\ReleaseDoubleLib\OPC_HybridModel.obj
         obj\ReleaseDoubleLib\OPC_LSSCollider.obj
         obj\ReleaseDoubleLib\OPC_MeshInterface.obj
         obj\ReleaseDoubleLib\OPC_Model.obj
         obj\ReleaseDoubleLib\OPC_OBBCollider.obj
         obj\ReleaseDoubleLib\OPC_OptimizedTree.obj
         obj\ReleaseDoubleLib\OPC_Picking.obj
         obj\ReleaseDoubleLib\OPC_PlanesCollider.obj
         obj\ReleaseDoubleLib\OPC_RayCollider.obj
         obj\ReleaseDoubleLib\OPC_SphereCollider.obj
         obj\ReleaseDoubleLib\OPC_TreeBuilders.obj
         obj\ReleaseDoubleLib\OPC_TreeCollider.obj
         obj\ReleaseDoubleLib\OPC_VolumeCollider.obj
         obj\ReleaseDoubleLib\atomic.obj
         obj\ReleaseDoubleLib\customization.obj
         obj\ReleaseDoubleLib\malloc.obj
         obj\ReleaseDoubleLib\threadlocalstorage.obj
         obj\ReleaseDoubleLib\outest.obj
     1>odetls.obj : warning LNK4221: This object file does not define any previously undefined public symbols, so it will not be used by any link operation that consumes this library
     1>collision_trimesh_gimpact.obj : warning LNK4221: This object file does not define any previously undefined public symbols, so it will not be used by any link operation that consumes this library
         ode.vcxproj -> C:\Users\jaseem\Workspace\SimbiconSourceCode2\release\src\ode-0.13\build\vs2008\..\..\lib\ReleaseDoubleLib\ode.lib
     1>Done Building Project "C:\Users\jaseem\Workspace\SimbiconSourceCode2\release\src\ode-0.13\build\vs2008\ode.vcxproj" (Build target(s)).

Build succeeded.

Time Elapsed 00:00:00.52
