Build started 15-Nov-15 1:19:42 AM.
     1>Project "C:\Users\jaseem\Workspace\SimbiconSourceCode2\release\src\Core\Core.vcxproj" on node 2 (Build target(s)).
     1>ClCompile:
         C:\Program Files (x86)\Microsoft Visual Studio 14.0\VC\bin\CL.exe /c /I../ /I"../ode-0.13/include" /I../include /Zi /nologo /W3 /WX- /Od /Oy- /D WIN32 /D _DEBUG /D _LIB /D _MBCS /Gm /EHsc /RTC1 /MTd /GS /fp:precise /Zc:wchar_t /Zc:forScope /Zc:inline /Fo"Debug\\" /Fd"Debug\Core.pdb" /Gd /TP /wd4996 /analyze- /errorReport:prompt Character.cpp
         Character.cpp
     1>C:\Users\jaseem\Workspace\SimbiconSourceCode2\release\src\MathLib/mathLib.h(38): warning C4005: 'INFINITY': macro redefinition
         C:\Program Files (x86)\Windows Kits\10\Include\10.0.10150.0\ucrt\math.h(78): note: see previous definition of 'INFINITY'
     1>Character.cpp(42): warning C4018: '<': signed/unsigned mismatch
       Lib:
         C:\Program Files (x86)\Microsoft Visual Studio 14.0\VC\bin\Lib.exe /OUT:"../binaries/Debug\Core.lib" /NOLOGO Debug\BalanceFeedback.obj
         Debug\BaseControlFramework.obj
         Debug\Character.obj
         Debug\Controller.obj
         Debug\ConUtils.obj
         Debug\PoseController.obj
         Debug\SimBiConFramework.obj
         Debug\SimBiConState.obj
         Debug\SimBiController.obj
         Debug\SimGlobals.obj
         Core.vcxproj -> C:\Users\jaseem\Workspace\SimbiconSourceCode2\release\src\Core\../binaries/Debug\Core.lib
     1>Done Building Project "C:\Users\jaseem\Workspace\SimbiconSourceCode2\release\src\Core\Core.vcxproj" (Build target(s)).

Build succeeded.

Time Elapsed 00:00:08.04
