Build started 22-Sep-15 12:39:20 AM.
     1>Project "C:\Users\jaseem\Workspace\SimbiconSourceCode2\release\src\ode-0.13\build\vs2008\ode.vcxproj" on node 2 (Build target(s)).
     1>ClCompile:
         C:\Program Files (x86)\Microsoft Visual Studio 14.0\VC\bin\CL.exe /c /I..\..\include /I..\..\ode\src /I..\..\ode\src\joints /I..\..\OPCODE /I..\..\GIMPACT\include /I..\..\libccd\src /I..\..\ou\include /ZI /nologo /W3 /WX- /Od /Oy- /D _MT /D _DEBUG /D dIDESINGLE /D CCD_IDESINGLE /D WIN32 /D _CRT_SECURE_NO_DEPRECATE /D _USE_MATH_DEFINES /D _OU_NAMESPACE=odeou /D ODE_LIB /D _MBCS /Gm /EHsc /RTC1 /MTd /GS /Gy /fp:precise /Zc:wchar_t /Zc:forScope /Zc:inline /Fo"obj\DebugSingleLib\\" /Fd"..\..\..\binaries\Debug\ode_singled.pdb" /Gd /TP /analyze- /errorReport:prompt ..\..\ode\src\array.cpp ..\..\ode\src\box.cpp ..\..\ode\src\capsule.cpp ..\..\ode\src\collision_cylinder_box.cpp ..\..\ode\src\collision_cylinder_plane.cpp ..\..\ode\src\collision_cylinder_sphere.cpp ..\..\ode\src\collision_cylinder_trimesh.cpp ..\..\ode\src\collision_kernel.cpp ..\..\ode\src\collision_quadtreespace.cpp ..\..\ode\src\collision_sapspace.cpp ..\..\ode\src\collision_space.cpp ..\..\ode\src\collision_transform.cpp ..\..\ode\src\collision_trimesh_box.cpp ..\..\ode\src\collision_trimesh_ccylinder.cpp ..\..\ode\src\collision_trimesh_disabled.cpp ..\..\ode\src\collision_trimesh_distance.cpp ..\..\ode\src\collision_trimesh_gimpact.cpp ..\..\ode\src\collision_trimesh_opcode.cpp ..\..\ode\src\collision_trimesh_plane.cpp ..\..\ode\src\collision_trimesh_ray.cpp ..\..\ode\src\collision_trimesh_sphere.cpp ..\..\ode\src\collision_trimesh_trimesh.cpp ..\..\ode\src\collision_trimesh_trimesh_new.cpp ..\..\ode\src\collision_util.cpp ..\..\ode\src\convex.cpp ..\..\ode\src\cylinder.cpp ..\..\ode\src\error.cpp "..\..\ode\src\export-dif.cpp" ..\..\ode\src\heightfield.cpp ..\..\ode\src\joints\amotor.cpp ..\..\ode\src\joints\ball.cpp ..\..\ode\src\joints\contact.cpp ..\..\ode\src\joints\dball.cpp ..\..\ode\src\joints\dhinge.cpp ..\..\ode\src\joints\fixed.cpp ..\..\ode\src\joints\hinge.cpp ..\..\ode\src\joints\hinge2.cpp ..\..\ode\src\joints\joint.cpp ..\..\ode\src\joints\lmotor.cpp ..\..\ode\src\joints\null.cpp ..\..\ode\src\joints\piston.cpp ..\..\ode\src\joints\plane2d.cpp ..\..\ode\src\joints\pr.cpp ..\..\ode\src\joints\pu.cpp ..\..\ode\src\joints\slider.cpp ..\..\ode\src\joints\transmission.cpp ..\..\ode\src\joints\universal.cpp ..\..\ode\src\lcp.cpp ..\..\ode\src\mass.cpp ..\..\ode\src\mat.cpp ..\..\ode\src\matrix.cpp ..\..\ode\src\memory.cpp ..\..\ode\src\misc.cpp ..\..\ode\src\objects.cpp ..\..\ode\src\obstack.cpp ..\..\ode\src\ode.cpp ..\..\ode\src\odeinit.cpp ..\..\ode\src\odemath.cpp ..\..\ode\src\odeou.cpp ..\..\ode\src\odetls.cpp ..\..\ode\src\plane.cpp ..\..\ode\src\quickstep.cpp ..\..\ode\src\ray.cpp ..\..\ode\src\rotation.cpp ..\..\ode\src\sphere.cpp ..\..\ode\src\step.cpp ..\..\ode\src\threading_base.cpp ..\..\ode\src\threading_impl.cpp ..\..\ode\src\threading_pool_posix.cpp ..\..\ode\src\threading_pool_win.cpp ..\..\ode\src\timer.cpp ..\..\ode\src\util.cpp ..\..\OPCODE\Ice\IceAABB.cpp ..\..\OPCODE\Ice\IceContainer.cpp ..\..\OPCODE\Ice\IceHPoint.cpp ..\..\OPCODE\Ice\IceIndexedTriangle.cpp ..\..\OPCODE\Ice\IceMatrix3x3.cpp ..\..\OPCODE\Ice\IceMatrix4x4.cpp ..\..\OPCODE\Ice\IceOBB.cpp ..\..\OPCODE\Ice\IcePlane.cpp ..\..\OPCODE\Ice\IcePoint.cpp ..\..\OPCODE\Ice\IceRandom.cpp ..\..\OPCODE\Ice\IceRay.cpp ..\..\OPCODE\Ice\IceRevisitedRadix.cpp ..\..\OPCODE\Ice\IceSegment.cpp ..\..\OPCODE\Ice\IceTriangle.cpp ..\..\OPCODE\Ice\IceUtils.cpp ..\..\OPCODE\Opcode.cpp ..\..\OPCODE\OPC_AABBCollider.cpp ..\..\OPCODE\OPC_AABBTree.cpp ..\..\OPCODE\OPC_BaseModel.cpp ..\..\OPCODE\OPC_Collider.cpp ..\..\OPCODE\OPC_Common.cpp ..\..\OPCODE\OPC_HybridModel.cpp ..\..\OPCODE\OPC_LSSCollider.cpp ..\..\OPCODE\OPC_MeshInterface.cpp ..\..\OPCODE\OPC_Model.cpp ..\..\OPCODE\OPC_OBBCollider.cpp ..\..\OPCODE\OPC_OptimizedTree.cpp ..\..\OPCODE\OPC_Picking.cpp ..\..\OPCODE\OPC_PlanesCollider.cpp ..\..\OPCODE\OPC_RayCollider.cpp ..\..\OPCODE\OPC_SphereCollider.cpp ..\..\OPCODE\OPC_TreeBuilders.cpp ..\..\OPCODE\OPC_TreeCollider.cpp ..\..\OPCODE\OPC_VolumeCollider.cpp ..\..\ou\src\ou\atomic.cpp ..\..\ou\src\ou\customization.cpp ..\..\ou\src\ou\malloc.cpp ..\..\ou\src\ou\threadlocalstorage.cpp ..\..\ou\test\outest.cpp
         outest.cpp
         threadlocalstorage.cpp
         malloc.cpp
         customization.cpp
         atomic.cpp
         OPC_VolumeCollider.cpp
     1>c:\users\jaseem\workspace\simbiconsourcecode2\release\src\ode-0.13\opcode\ice\icefpu.h(53): warning C4244: 'return': conversion from 'double' to 'float', possible loss of data
         OPC_TreeCollider.cpp
     1>c:\users\jaseem\workspace\simbiconsourcecode2\release\src\ode-0.13\opcode\ice\icefpu.h(53): warning C4244: 'return': conversion from 'double' to 'float', possible loss of data
         OPC_TreeBuilders.cpp
     1>c:\users\jaseem\workspace\simbiconsourcecode2\release\src\ode-0.13\opcode\ice\icefpu.h(53): warning C4244: 'return': conversion from 'double' to 'float', possible loss of data
         OPC_SphereCollider.cpp
     1>c:\users\jaseem\workspace\simbiconsourcecode2\release\src\ode-0.13\opcode\ice\icefpu.h(53): warning C4244: 'return': conversion from 'double' to 'float', possible loss of data
         OPC_RayCollider.cpp
     1>c:\users\jaseem\workspace\simbiconsourcecode2\release\src\ode-0.13\opcode\ice\icefpu.h(53): warning C4244: 'return': conversion from 'double' to 'float', possible loss of data
         OPC_PlanesCollider.cpp
     1>c:\users\jaseem\workspace\simbiconsourcecode2\release\src\ode-0.13\opcode\ice\icefpu.h(53): warning C4244: 'return': conversion from 'double' to 'float', possible loss of data
         OPC_Picking.cpp
     1>c:\users\jaseem\workspace\simbiconsourcecode2\release\src\ode-0.13\opcode\ice\icefpu.h(53): warning C4244: 'return': conversion from 'double' to 'float', possible loss of data
         OPC_OptimizedTree.cpp
     1>c:\users\jaseem\workspace\simbiconsourcecode2\release\src\ode-0.13\opcode\ice\icefpu.h(53): warning C4244: 'return': conversion from 'double' to 'float', possible loss of data
         OPC_OBBCollider.cpp
     1>c:\users\jaseem\workspace\simbiconsourcecode2\release\src\ode-0.13\opcode\ice\icefpu.h(53): warning C4244: 'return': conversion from 'double' to 'float', possible loss of data
         OPC_Model.cpp
     1>c:\users\jaseem\workspace\simbiconsourcecode2\release\src\ode-0.13\opcode\ice\icefpu.h(53): warning C4244: 'return': conversion from 'double' to 'float', possible loss of data
         OPC_MeshInterface.cpp
     1>c:\users\jaseem\workspace\simbiconsourcecode2\release\src\ode-0.13\opcode\ice\icefpu.h(53): warning C4244: 'return': conversion from 'double' to 'float', possible loss of data
         OPC_LSSCollider.cpp
     1>c:\users\jaseem\workspace\simbiconsourcecode2\release\src\ode-0.13\opcode\ice\icefpu.h(53): warning C4244: 'return': conversion from 'double' to 'float', possible loss of data
         OPC_HybridModel.cpp
     1>c:\users\jaseem\workspace\simbiconsourcecode2\release\src\ode-0.13\opcode\ice\icefpu.h(53): warning C4244: 'return': conversion from 'double' to 'float', possible loss of data
         OPC_Common.cpp
     1>c:\users\jaseem\workspace\simbiconsourcecode2\release\src\ode-0.13\opcode\ice\icefpu.h(53): warning C4244: 'return': conversion from 'double' to 'float', possible loss of data
         OPC_Collider.cpp
     1>c:\users\jaseem\workspace\simbiconsourcecode2\release\src\ode-0.13\opcode\ice\icefpu.h(53): warning C4244: 'return': conversion from 'double' to 'float', possible loss of data
         Generating Code...
         Compiling...
         OPC_BaseModel.cpp
     1>c:\users\jaseem\workspace\simbiconsourcecode2\release\src\ode-0.13\opcode\ice\icefpu.h(53): warning C4244: 'return': conversion from 'double' to 'float', possible loss of data
         OPC_AABBTree.cpp
     1>c:\users\jaseem\workspace\simbiconsourcecode2\release\src\ode-0.13\opcode\ice\icefpu.h(53): warning C4244: 'return': conversion from 'double' to 'float', possible loss of data
         OPC_AABBCollider.cpp
     1>c:\users\jaseem\workspace\simbiconsourcecode2\release\src\ode-0.13\opcode\ice\icefpu.h(53): warning C4244: 'return': conversion from 'double' to 'float', possible loss of data
         Opcode.cpp
     1>c:\users\jaseem\workspace\simbiconsourcecode2\release\src\ode-0.13\opcode\ice\icefpu.h(53): warning C4244: 'return': conversion from 'double' to 'float', possible loss of data
         IceUtils.cpp
     1>c:\users\jaseem\workspace\simbiconsourcecode2\release\src\ode-0.13\opcode\ice\icefpu.h(53): warning C4244: 'return': conversion from 'double' to 'float', possible loss of data
         IceTriangle.cpp
     1>c:\users\jaseem\workspace\simbiconsourcecode2\release\src\ode-0.13\opcode\ice\icefpu.h(53): warning C4244: 'return': conversion from 'double' to 'float', possible loss of data
         IceSegment.cpp
     1>c:\users\jaseem\workspace\simbiconsourcecode2\release\src\ode-0.13\opcode\ice\icefpu.h(53): warning C4244: 'return': conversion from 'double' to 'float', possible loss of data
         IceRevisitedRadix.cpp
     1>c:\users\jaseem\workspace\simbiconsourcecode2\release\src\ode-0.13\opcode\ice\icefpu.h(53): warning C4244: 'return': conversion from 'double' to 'float', possible loss of data
         IceRay.cpp
     1>c:\users\jaseem\workspace\simbiconsourcecode2\release\src\ode-0.13\opcode\ice\icefpu.h(53): warning C4244: 'return': conversion from 'double' to 'float', possible loss of data
         IceRandom.cpp
     1>c:\users\jaseem\workspace\simbiconsourcecode2\release\src\ode-0.13\opcode\ice\icefpu.h(53): warning C4244: 'return': conversion from 'double' to 'float', possible loss of data
         IcePoint.cpp
     1>c:\users\jaseem\workspace\simbiconsourcecode2\release\src\ode-0.13\opcode\ice\icefpu.h(53): warning C4244: 'return': conversion from 'double' to 'float', possible loss of data
         IcePlane.cpp
     1>c:\users\jaseem\workspace\simbiconsourcecode2\release\src\ode-0.13\opcode\ice\icefpu.h(53): warning C4244: 'return': conversion from 'double' to 'float', possible loss of data
         IceOBB.cpp
     1>c:\users\jaseem\workspace\simbiconsourcecode2\release\src\ode-0.13\opcode\ice\icefpu.h(53): warning C4244: 'return': conversion from 'double' to 'float', possible loss of data
         IceMatrix4x4.cpp
     1>c:\users\jaseem\workspace\simbiconsourcecode2\release\src\ode-0.13\opcode\ice\icefpu.h(53): warning C4244: 'return': conversion from 'double' to 'float', possible loss of data
         IceMatrix3x3.cpp
     1>c:\users\jaseem\workspace\simbiconsourcecode2\release\src\ode-0.13\opcode\ice\icefpu.h(53): warning C4244: 'return': conversion from 'double' to 'float', possible loss of data
         IceIndexedTriangle.cpp
     1>c:\users\jaseem\workspace\simbiconsourcecode2\release\src\ode-0.13\opcode\ice\icefpu.h(53): warning C4244: 'return': conversion from 'double' to 'float', possible loss of data
         IceHPoint.cpp
     1>c:\users\jaseem\workspace\simbiconsourcecode2\release\src\ode-0.13\opcode\ice\icefpu.h(53): warning C4244: 'return': conversion from 'double' to 'float', possible loss of data
         IceContainer.cpp
     1>c:\users\jaseem\workspace\simbiconsourcecode2\release\src\ode-0.13\opcode\ice\icefpu.h(53): warning C4244: 'return': conversion from 'double' to 'float', possible loss of data
         IceAABB.cpp
     1>c:\users\jaseem\workspace\simbiconsourcecode2\release\src\ode-0.13\opcode\ice\icefpu.h(53): warning C4244: 'return': conversion from 'double' to 'float', possible loss of data
         util.cpp
         Generating Code...
         Compiling...
         timer.cpp
         threading_pool_win.cpp
         threading_pool_posix.cpp
         threading_impl.cpp
         threading_base.cpp
         step.cpp
         sphere.cpp
     1>c:\users\jaseem\workspace\simbiconsourcecode2\release\src\ode-0.13\ode\src\collision_util.h(204): warning C4244: '=': conversion from 'double' to 'dReal', possible loss of data
     1>c:\users\jaseem\workspace\simbiconsourcecode2\release\src\ode-0.13\ode\src\collision_util.h(205): warning C4244: '=': conversion from 'double' to 'dReal', possible loss of data
     1>c:\users\jaseem\workspace\simbiconsourcecode2\release\src\ode-0.13\ode\src\collision_util.h(206): warning C4244: '=': conversion from 'double' to 'dReal', possible loss of data
     1>c:\users\jaseem\workspace\simbiconsourcecode2\release\src\ode-0.13\ode\src\collision_util.h(208): warning C4244: '=': conversion from 'double' to 'dReal', possible loss of data
     1>c:\users\jaseem\workspace\simbiconsourcecode2\release\src\ode-0.13\ode\src\collision_util.h(209): warning C4244: '=': conversion from 'double' to 'dReal', possible loss of data
     1>c:\users\jaseem\workspace\simbiconsourcecode2\release\src\ode-0.13\ode\src\collision_util.h(210): warning C4244: '=': conversion from 'double' to 'dReal', possible loss of data
     1>c:\users\jaseem\workspace\simbiconsourcecode2\release\src\ode-0.13\ode\src\collision_util.h(212): warning C4244: '=': conversion from 'double' to 'dReal', possible loss of data
     1>c:\users\jaseem\workspace\simbiconsourcecode2\release\src\ode-0.13\ode\src\collision_util.h(213): warning C4244: '=': conversion from 'double' to 'dReal', possible loss of data
     1>c:\users\jaseem\workspace\simbiconsourcecode2\release\src\ode-0.13\ode\src\collision_util.h(214): warning C4244: '=': conversion from 'double' to 'dReal', possible loss of data
     1>c:\users\jaseem\workspace\simbiconsourcecode2\release\src\ode-0.13\ode\src\collision_util.h(275): warning C4244: '=': conversion from 'double' to 'dReal', possible loss of data
     1>c:\users\jaseem\workspace\simbiconsourcecode2\release\src\ode-0.13\ode\src\collision_util.h(280): warning C4244: '=': conversion from 'double' to 'dReal', possible loss of data
     1>c:\users\jaseem\workspace\simbiconsourcecode2\release\src\ode-0.13\ode\src\collision_util.h(281): warning C4244: '=': conversion from 'double' to 'dReal', possible loss of data
     1>c:\users\jaseem\workspace\simbiconsourcecode2\release\src\ode-0.13\ode\src\collision_util.h(286): warning C4244: '=': conversion from 'double' to 'dReal', possible loss of data
     1>c:\users\jaseem\workspace\simbiconsourcecode2\release\src\ode-0.13\ode\src\collision_util.h(293): warning C4244: '=': conversion from 'double' to 'dReal', possible loss of data
         rotation.cpp
         ray.cpp
     1>c:\users\jaseem\workspace\simbiconsourcecode2\release\src\ode-0.13\ode\src\collision_util.h(204): warning C4244: '=': conversion from 'double' to 'dReal', possible loss of data
     1>c:\users\jaseem\workspace\simbiconsourcecode2\release\src\ode-0.13\ode\src\collision_util.h(205): warning C4244: '=': conversion from 'double' to 'dReal', possible loss of data
     1>c:\users\jaseem\workspace\simbiconsourcecode2\release\src\ode-0.13\ode\src\collision_util.h(206): warning C4244: '=': conversion from 'double' to 'dReal', possible loss of data
     1>c:\users\jaseem\workspace\simbiconsourcecode2\release\src\ode-0.13\ode\src\collision_util.h(208): warning C4244: '=': conversion from 'double' to 'dReal', possible loss of data
     1>c:\users\jaseem\workspace\simbiconsourcecode2\release\src\ode-0.13\ode\src\collision_util.h(209): warning C4244: '=': conversion from 'double' to 'dReal', possible loss of data
     1>c:\users\jaseem\workspace\simbiconsourcecode2\release\src\ode-0.13\ode\src\collision_util.h(210): warning C4244: '=': conversion from 'double' to 'dReal', possible loss of data
     1>c:\users\jaseem\workspace\simbiconsourcecode2\release\src\ode-0.13\ode\src\collision_util.h(212): warning C4244: '=': conversion from 'double' to 'dReal', possible loss of data
     1>c:\users\jaseem\workspace\simbiconsourcecode2\release\src\ode-0.13\ode\src\collision_util.h(213): warning C4244: '=': conversion from 'double' to 'dReal', possible loss of data
     1>c:\users\jaseem\workspace\simbiconsourcecode2\release\src\ode-0.13\ode\src\collision_util.h(214): warning C4244: '=': conversion from 'double' to 'dReal', possible loss of data
     1>c:\users\jaseem\workspace\simbiconsourcecode2\release\src\ode-0.13\ode\src\collision_util.h(275): warning C4244: '=': conversion from 'double' to 'dReal', possible loss of data
     1>c:\users\jaseem\workspace\simbiconsourcecode2\release\src\ode-0.13\ode\src\collision_util.h(280): warning C4244: '=': conversion from 'double' to 'dReal', possible loss of data
     1>c:\users\jaseem\workspace\simbiconsourcecode2\release\src\ode-0.13\ode\src\collision_util.h(281): warning C4244: '=': conversion from 'double' to 'dReal', possible loss of data
     1>c:\users\jaseem\workspace\simbiconsourcecode2\release\src\ode-0.13\ode\src\collision_util.h(286): warning C4244: '=': conversion from 'double' to 'dReal', possible loss of data
     1>c:\users\jaseem\workspace\simbiconsourcecode2\release\src\ode-0.13\ode\src\collision_util.h(293): warning C4244: '=': conversion from 'double' to 'dReal', possible loss of data
     1>c:\users\jaseem\workspace\simbiconsourcecode2\release\src\ode-0.13\ode\src\ray.cpp(607): warning C4244: '=': conversion from 'int' to 'dReal', possible loss of data
         quickstep.cpp
         plane.cpp
     1>c:\users\jaseem\workspace\simbiconsourcecode2\release\src\ode-0.13\ode\src\collision_util.h(204): warning C4244: '=': conversion from 'double' to 'dReal', possible loss of data
     1>c:\users\jaseem\workspace\simbiconsourcecode2\release\src\ode-0.13\ode\src\collision_util.h(205): warning C4244: '=': conversion from 'double' to 'dReal', possible loss of data
     1>c:\users\jaseem\workspace\simbiconsourcecode2\release\src\ode-0.13\ode\src\collision_util.h(206): warning C4244: '=': conversion from 'double' to 'dReal', possible loss of data
     1>c:\users\jaseem\workspace\simbiconsourcecode2\release\src\ode-0.13\ode\src\collision_util.h(208): warning C4244: '=': conversion from 'double' to 'dReal', possible loss of data
     1>c:\users\jaseem\workspace\simbiconsourcecode2\release\src\ode-0.13\ode\src\collision_util.h(209): warning C4244: '=': conversion from 'double' to 'dReal', possible loss of data
     1>c:\users\jaseem\workspace\simbiconsourcecode2\release\src\ode-0.13\ode\src\collision_util.h(210): warning C4244: '=': conversion from 'double' to 'dReal', possible loss of data
     1>c:\users\jaseem\workspace\simbiconsourcecode2\release\src\ode-0.13\ode\src\collision_util.h(212): warning C4244: '=': conversion from 'double' to 'dReal', possible loss of data
     1>c:\users\jaseem\workspace\simbiconsourcecode2\release\src\ode-0.13\ode\src\collision_util.h(213): warning C4244: '=': conversion from 'double' to 'dReal', possible loss of data
     1>c:\users\jaseem\workspace\simbiconsourcecode2\release\src\ode-0.13\ode\src\collision_util.h(214): warning C4244: '=': conversion from 'double' to 'dReal', possible loss of data
     1>c:\users\jaseem\workspace\simbiconsourcecode2\release\src\ode-0.13\ode\src\collision_util.h(275): warning C4244: '=': conversion from 'double' to 'dReal', possible loss of data
     1>c:\users\jaseem\workspace\simbiconsourcecode2\release\src\ode-0.13\ode\src\collision_util.h(280): warning C4244: '=': conversion from 'double' to 'dReal', possible loss of data
     1>c:\users\jaseem\workspace\simbiconsourcecode2\release\src\ode-0.13\ode\src\collision_util.h(281): warning C4244: '=': conversion from 'double' to 'dReal', possible loss of data
     1>c:\users\jaseem\workspace\simbiconsourcecode2\release\src\ode-0.13\ode\src\collision_util.h(286): warning C4244: '=': conversion from 'double' to 'dReal', possible loss of data
     1>c:\users\jaseem\workspace\simbiconsourcecode2\release\src\ode-0.13\ode\src\collision_util.h(293): warning C4244: '=': conversion from 'double' to 'dReal', possible loss of data
         odetls.cpp
     1>c:\users\jaseem\workspace\simbiconsourcecode2\release\src\ode-0.13\opcode\ice\icefpu.h(53): warning C4244: 'return': conversion from 'double' to 'float', possible loss of data
         odeou.cpp
         odemath.cpp
         odeinit.cpp
     1>c:\users\jaseem\workspace\simbiconsourcecode2\release\src\ode-0.13\opcode\ice\icefpu.h(53): warning C4244: 'return': conversion from 'double' to 'float', possible loss of data
         ode.cpp
         obstack.cpp
         objects.cpp
         misc.cpp
         memory.cpp
         Generating Code...
         Compiling...
         matrix.cpp
         mat.cpp
         mass.cpp
     1>c:\users\jaseem\workspace\simbiconsourcecode2\release\src\ode-0.13\opcode\ice\icefpu.h(53): warning C4244: 'return': conversion from 'double' to 'float', possible loss of data
     1>c:\users\jaseem\workspace\simbiconsourcecode2\release\src\ode-0.13\ode\src\mass.cpp(268): warning C4244: '=': conversion from 'double' to 'dReal', possible loss of data
     1>c:\users\jaseem\workspace\simbiconsourcecode2\release\src\ode-0.13\ode\src\mass.cpp(269): warning C4244: '=': conversion from 'double' to 'dReal', possible loss of data
     1>c:\users\jaseem\workspace\simbiconsourcecode2\release\src\ode-0.13\ode\src\mass.cpp(270): warning C4244: '=': conversion from 'double' to 'dReal', possible loss of data
         lcp.cpp
         universal.cpp
     1>c:\users\jaseem\workspace\simbiconsourcecode2\release\src\ode-0.13\ode\src\joints\universal.cpp(143): warning C4244: 'initializing': conversion from 'double' to 'dReal', possible loss of data
         transmission.cpp
     1>c:\users\jaseem\workspace\simbiconsourcecode2\release\src\ode-0.13\ode\src\joints\transmission.cpp(263): warning C4244: '=': conversion from 'double' to 'dReal', possible loss of data
         slider.cpp
         pu.cpp
         pr.cpp
         plane2d.cpp
         piston.cpp
         null.cpp
         lmotor.cpp
         joint.cpp
         hinge2.cpp
         hinge.cpp
         fixed.cpp
         dhinge.cpp
         dball.cpp
         contact.cpp
         Generating Code...
         Compiling...
         ball.cpp
         amotor.cpp
         heightfield.cpp
     1>c:\users\jaseem\workspace\simbiconsourcecode2\release\src\ode-0.13\ode\src\collision_util.h(204): warning C4244: '=': conversion from 'double' to 'dReal', possible loss of data
     1>c:\users\jaseem\workspace\simbiconsourcecode2\release\src\ode-0.13\ode\src\collision_util.h(205): warning C4244: '=': conversion from 'double' to 'dReal', possible loss of data
     1>c:\users\jaseem\workspace\simbiconsourcecode2\release\src\ode-0.13\ode\src\collision_util.h(206): warning C4244: '=': conversion from 'double' to 'dReal', possible loss of data
     1>c:\users\jaseem\workspace\simbiconsourcecode2\release\src\ode-0.13\ode\src\collision_util.h(208): warning C4244: '=': conversion from 'double' to 'dReal', possible loss of data
     1>c:\users\jaseem\workspace\simbiconsourcecode2\release\src\ode-0.13\ode\src\collision_util.h(209): warning C4244: '=': conversion from 'double' to 'dReal', possible loss of data
     1>c:\users\jaseem\workspace\simbiconsourcecode2\release\src\ode-0.13\ode\src\collision_util.h(210): warning C4244: '=': conversion from 'double' to 'dReal', possible loss of data
     1>c:\users\jaseem\workspace\simbiconsourcecode2\release\src\ode-0.13\ode\src\collision_util.h(212): warning C4244: '=': conversion from 'double' to 'dReal', possible loss of data
     1>c:\users\jaseem\workspace\simbiconsourcecode2\release\src\ode-0.13\ode\src\collision_util.h(213): warning C4244: '=': conversion from 'double' to 'dReal', possible loss of data
     1>c:\users\jaseem\workspace\simbiconsourcecode2\release\src\ode-0.13\ode\src\collision_util.h(214): warning C4244: '=': conversion from 'double' to 'dReal', possible loss of data
     1>c:\users\jaseem\workspace\simbiconsourcecode2\release\src\ode-0.13\ode\src\collision_util.h(275): warning C4244: '=': conversion from 'double' to 'dReal', possible loss of data
     1>c:\users\jaseem\workspace\simbiconsourcecode2\release\src\ode-0.13\ode\src\collision_util.h(280): warning C4244: '=': conversion from 'double' to 'dReal', possible loss of data
     1>c:\users\jaseem\workspace\simbiconsourcecode2\release\src\ode-0.13\ode\src\collision_util.h(281): warning C4244: '=': conversion from 'double' to 'dReal', possible loss of data
     1>c:\users\jaseem\workspace\simbiconsourcecode2\release\src\ode-0.13\ode\src\collision_util.h(286): warning C4244: '=': conversion from 'double' to 'dReal', possible loss of data
     1>c:\users\jaseem\workspace\simbiconsourcecode2\release\src\ode-0.13\ode\src\collision_util.h(293): warning C4244: '=': conversion from 'double' to 'dReal', possible loss of data
         export-dif.cpp
         error.cpp
         cylinder.cpp
     1>c:\users\jaseem\workspace\simbiconsourcecode2\release\src\ode-0.13\ode\src\collision_util.h(204): warning C4244: '=': conversion from 'double' to 'dReal', possible loss of data
     1>c:\users\jaseem\workspace\simbiconsourcecode2\release\src\ode-0.13\ode\src\collision_util.h(205): warning C4244: '=': conversion from 'double' to 'dReal', possible loss of data
     1>c:\users\jaseem\workspace\simbiconsourcecode2\release\src\ode-0.13\ode\src\collision_util.h(206): warning C4244: '=': conversion from 'double' to 'dReal', possible loss of data
     1>c:\users\jaseem\workspace\simbiconsourcecode2\release\src\ode-0.13\ode\src\collision_util.h(208): warning C4244: '=': conversion from 'double' to 'dReal', possible loss of data
     1>c:\users\jaseem\workspace\simbiconsourcecode2\release\src\ode-0.13\ode\src\collision_util.h(209): warning C4244: '=': conversion from 'double' to 'dReal', possible loss of data
     1>c:\users\jaseem\workspace\simbiconsourcecode2\release\src\ode-0.13\ode\src\collision_util.h(210): warning C4244: '=': conversion from 'double' to 'dReal', possible loss of data
     1>c:\users\jaseem\workspace\simbiconsourcecode2\release\src\ode-0.13\ode\src\collision_util.h(212): warning C4244: '=': conversion from 'double' to 'dReal', possible loss of data
     1>c:\users\jaseem\workspace\simbiconsourcecode2\release\src\ode-0.13\ode\src\collision_util.h(213): warning C4244: '=': conversion from 'double' to 'dReal', possible loss of data
     1>c:\users\jaseem\workspace\simbiconsourcecode2\release\src\ode-0.13\ode\src\collision_util.h(214): warning C4244: '=': conversion from 'double' to 'dReal', possible loss of data
     1>c:\users\jaseem\workspace\simbiconsourcecode2\release\src\ode-0.13\ode\src\collision_util.h(275): warning C4244: '=': conversion from 'double' to 'dReal', possible loss of data
     1>c:\users\jaseem\workspace\simbiconsourcecode2\release\src\ode-0.13\ode\src\collision_util.h(280): warning C4244: '=': conversion from 'double' to 'dReal', possible loss of data
     1>c:\users\jaseem\workspace\simbiconsourcecode2\release\src\ode-0.13\ode\src\collision_util.h(281): warning C4244: '=': conversion from 'double' to 'dReal', possible loss of data
     1>c:\users\jaseem\workspace\simbiconsourcecode2\release\src\ode-0.13\ode\src\collision_util.h(286): warning C4244: '=': conversion from 'double' to 'dReal', possible loss of data
     1>c:\users\jaseem\workspace\simbiconsourcecode2\release\src\ode-0.13\ode\src\collision_util.h(293): warning C4244: '=': conversion from 'double' to 'dReal', possible loss of data
         convex.cpp
     1>c:\users\jaseem\workspace\simbiconsourcecode2\release\src\ode-0.13\ode\src\collision_util.h(204): warning C4244: '=': conversion from 'double' to 'dReal', possible loss of data
     1>c:\users\jaseem\workspace\simbiconsourcecode2\release\src\ode-0.13\ode\src\collision_util.h(205): warning C4244: '=': conversion from 'double' to 'dReal', possible loss of data
     1>c:\users\jaseem\workspace\simbiconsourcecode2\release\src\ode-0.13\ode\src\collision_util.h(206): warning C4244: '=': conversion from 'double' to 'dReal', possible loss of data
     1>c:\users\jaseem\workspace\simbiconsourcecode2\release\src\ode-0.13\ode\src\collision_util.h(208): warning C4244: '=': conversion from 'double' to 'dReal', possible loss of data
     1>c:\users\jaseem\workspace\simbiconsourcecode2\release\src\ode-0.13\ode\src\collision_util.h(209): warning C4244: '=': conversion from 'double' to 'dReal', possible loss of data
     1>c:\users\jaseem\workspace\simbiconsourcecode2\release\src\ode-0.13\ode\src\collision_util.h(210): warning C4244: '=': conversion from 'double' to 'dReal', possible loss of data
     1>c:\users\jaseem\workspace\simbiconsourcecode2\release\src\ode-0.13\ode\src\collision_util.h(212): warning C4244: '=': conversion from 'double' to 'dReal', possible loss of data
     1>c:\users\jaseem\workspace\simbiconsourcecode2\release\src\ode-0.13\ode\src\collision_util.h(213): warning C4244: '=': conversion from 'double' to 'dReal', possible loss of data
     1>c:\users\jaseem\workspace\simbiconsourcecode2\release\src\ode-0.13\ode\src\collision_util.h(214): warning C4244: '=': conversion from 'double' to 'dReal', possible loss of data
     1>c:\users\jaseem\workspace\simbiconsourcecode2\release\src\ode-0.13\ode\src\collision_util.h(275): warning C4244: '=': conversion from 'double' to 'dReal', possible loss of data
     1>c:\users\jaseem\workspace\simbiconsourcecode2\release\src\ode-0.13\ode\src\collision_util.h(280): warning C4244: '=': conversion from 'double' to 'dReal', possible loss of data
     1>c:\users\jaseem\workspace\simbiconsourcecode2\release\src\ode-0.13\ode\src\collision_util.h(281): warning C4244: '=': conversion from 'double' to 'dReal', possible loss of data
     1>c:\users\jaseem\workspace\simbiconsourcecode2\release\src\ode-0.13\ode\src\collision_util.h(286): warning C4244: '=': conversion from 'double' to 'dReal', possible loss of data
     1>c:\users\jaseem\workspace\simbiconsourcecode2\release\src\ode-0.13\ode\src\collision_util.h(293): warning C4244: '=': conversion from 'double' to 'dReal', possible loss of data
         collision_util.cpp
     1>c:\users\jaseem\workspace\simbiconsourcecode2\release\src\ode-0.13\ode\src\collision_util.h(204): warning C4244: '=': conversion from 'double' to 'dReal', possible loss of data
     1>c:\users\jaseem\workspace\simbiconsourcecode2\release\src\ode-0.13\ode\src\collision_util.h(205): warning C4244: '=': conversion from 'double' to 'dReal', possible loss of data
     1>c:\users\jaseem\workspace\simbiconsourcecode2\release\src\ode-0.13\ode\src\collision_util.h(206): warning C4244: '=': conversion from 'double' to 'dReal', possible loss of data
     1>c:\users\jaseem\workspace\simbiconsourcecode2\release\src\ode-0.13\ode\src\collision_util.h(208): warning C4244: '=': conversion from 'double' to 'dReal', possible loss of data
     1>c:\users\jaseem\workspace\simbiconsourcecode2\release\src\ode-0.13\ode\src\collision_util.h(209): warning C4244: '=': conversion from 'double' to 'dReal', possible loss of data
     1>c:\users\jaseem\workspace\simbiconsourcecode2\release\src\ode-0.13\ode\src\collision_util.h(210): warning C4244: '=': conversion from 'double' to 'dReal', possible loss of data
     1>c:\users\jaseem\workspace\simbiconsourcecode2\release\src\ode-0.13\ode\src\collision_util.h(212): warning C4244: '=': conversion from 'double' to 'dReal', possible loss of data
     1>c:\users\jaseem\workspace\simbiconsourcecode2\release\src\ode-0.13\ode\src\collision_util.h(213): warning C4244: '=': conversion from 'double' to 'dReal', possible loss of data
     1>c:\users\jaseem\workspace\simbiconsourcecode2\release\src\ode-0.13\ode\src\collision_util.h(214): warning C4244: '=': conversion from 'double' to 'dReal', possible loss of data
     1>c:\users\jaseem\workspace\simbiconsourcecode2\release\src\ode-0.13\ode\src\collision_util.h(275): warning C4244: '=': conversion from 'double' to 'dReal', possible loss of data
     1>c:\users\jaseem\workspace\simbiconsourcecode2\release\src\ode-0.13\ode\src\collision_util.h(280): warning C4244: '=': conversion from 'double' to 'dReal', possible loss of data
     1>c:\users\jaseem\workspace\simbiconsourcecode2\release\src\ode-0.13\ode\src\collision_util.h(281): warning C4244: '=': conversion from 'double' to 'dReal', possible loss of data
     1>c:\users\jaseem\workspace\simbiconsourcecode2\release\src\ode-0.13\ode\src\collision_util.h(286): warning C4244: '=': conversion from 'double' to 'dReal', possible loss of data
     1>c:\users\jaseem\workspace\simbiconsourcecode2\release\src\ode-0.13\ode\src\collision_util.h(293): warning C4244: '=': conversion from 'double' to 'dReal', possible loss of data
         collision_trimesh_trimesh_new.cpp
         collision_trimesh_trimesh.cpp
         collision_trimesh_sphere.cpp
     1>c:\users\jaseem\workspace\simbiconsourcecode2\release\src\ode-0.13\ode\src\collision_util.h(204): warning C4244: '=': conversion from 'double' to 'dReal', possible loss of data
     1>c:\users\jaseem\workspace\simbiconsourcecode2\release\src\ode-0.13\ode\src\collision_util.h(205): warning C4244: '=': conversion from 'double' to 'dReal', possible loss of data
     1>c:\users\jaseem\workspace\simbiconsourcecode2\release\src\ode-0.13\ode\src\collision_util.h(206): warning C4244: '=': conversion from 'double' to 'dReal', possible loss of data
     1>c:\users\jaseem\workspace\simbiconsourcecode2\release\src\ode-0.13\ode\src\collision_util.h(208): warning C4244: '=': conversion from 'double' to 'dReal', possible loss of data
     1>c:\users\jaseem\workspace\simbiconsourcecode2\release\src\ode-0.13\ode\src\collision_util.h(209): warning C4244: '=': conversion from 'double' to 'dReal', possible loss of data
     1>c:\users\jaseem\workspace\simbiconsourcecode2\release\src\ode-0.13\ode\src\collision_util.h(210): warning C4244: '=': conversion from 'double' to 'dReal', possible loss of data
     1>c:\users\jaseem\workspace\simbiconsourcecode2\release\src\ode-0.13\ode\src\collision_util.h(212): warning C4244: '=': conversion from 'double' to 'dReal', possible loss of data
     1>c:\users\jaseem\workspace\simbiconsourcecode2\release\src\ode-0.13\ode\src\collision_util.h(213): warning C4244: '=': conversion from 'double' to 'dReal', possible loss of data
     1>c:\users\jaseem\workspace\simbiconsourcecode2\release\src\ode-0.13\ode\src\collision_util.h(214): warning C4244: '=': conversion from 'double' to 'dReal', possible loss of data
     1>c:\users\jaseem\workspace\simbiconsourcecode2\release\src\ode-0.13\ode\src\collision_util.h(275): warning C4244: '=': conversion from 'double' to 'dReal', possible loss of data
     1>c:\users\jaseem\workspace\simbiconsourcecode2\release\src\ode-0.13\ode\src\collision_util.h(280): warning C4244: '=': conversion from 'double' to 'dReal', possible loss of data
     1>c:\users\jaseem\workspace\simbiconsourcecode2\release\src\ode-0.13\ode\src\collision_util.h(281): warning C4244: '=': conversion from 'double' to 'dReal', possible loss of data
     1>c:\users\jaseem\workspace\simbiconsourcecode2\release\src\ode-0.13\ode\src\collision_util.h(286): warning C4244: '=': conversion from 'double' to 'dReal', possible loss of data
     1>c:\users\jaseem\workspace\simbiconsourcecode2\release\src\ode-0.13\ode\src\collision_util.h(293): warning C4244: '=': conversion from 'double' to 'dReal', possible loss of data
     1>c:\users\jaseem\workspace\simbiconsourcecode2\release\src\ode-0.13\opcode\ice\icefpu.h(53): warning C4244: 'return': conversion from 'double' to 'float', possible loss of data
         collision_trimesh_ray.cpp
     1>c:\users\jaseem\workspace\simbiconsourcecode2\release\src\ode-0.13\ode\src\collision_util.h(204): warning C4244: '=': conversion from 'double' to 'dReal', possible loss of data
     1>c:\users\jaseem\workspace\simbiconsourcecode2\release\src\ode-0.13\ode\src\collision_util.h(205): warning C4244: '=': conversion from 'double' to 'dReal', possible loss of data
     1>c:\users\jaseem\workspace\simbiconsourcecode2\release\src\ode-0.13\ode\src\collision_util.h(206): warning C4244: '=': conversion from 'double' to 'dReal', possible loss of data
     1>c:\users\jaseem\workspace\simbiconsourcecode2\release\src\ode-0.13\ode\src\collision_util.h(208): warning C4244: '=': conversion from 'double' to 'dReal', possible loss of data
     1>c:\users\jaseem\workspace\simbiconsourcecode2\release\src\ode-0.13\ode\src\collision_util.h(209): warning C4244: '=': conversion from 'double' to 'dReal', possible loss of data
     1>c:\users\jaseem\workspace\simbiconsourcecode2\release\src\ode-0.13\ode\src\collision_util.h(210): warning C4244: '=': conversion from 'double' to 'dReal', possible loss of data
     1>c:\users\jaseem\workspace\simbiconsourcecode2\release\src\ode-0.13\ode\src\collision_util.h(212): warning C4244: '=': conversion from 'double' to 'dReal', possible loss of data
     1>c:\users\jaseem\workspace\simbiconsourcecode2\release\src\ode-0.13\ode\src\collision_util.h(213): warning C4244: '=': conversion from 'double' to 'dReal', possible loss of data
     1>c:\users\jaseem\workspace\simbiconsourcecode2\release\src\ode-0.13\ode\src\collision_util.h(214): warning C4244: '=': conversion from 'double' to 'dReal', possible loss of data
     1>c:\users\jaseem\workspace\simbiconsourcecode2\release\src\ode-0.13\ode\src\collision_util.h(275): warning C4244: '=': conversion from 'double' to 'dReal', possible loss of data
     1>c:\users\jaseem\workspace\simbiconsourcecode2\release\src\ode-0.13\ode\src\collision_util.h(280): warning C4244: '=': conversion from 'double' to 'dReal', possible loss of data
     1>c:\users\jaseem\workspace\simbiconsourcecode2\release\src\ode-0.13\ode\src\collision_util.h(281): warning C4244: '=': conversion from 'double' to 'dReal', possible loss of data
     1>c:\users\jaseem\workspace\simbiconsourcecode2\release\src\ode-0.13\ode\src\collision_util.h(286): warning C4244: '=': conversion from 'double' to 'dReal', possible loss of data
     1>c:\users\jaseem\workspace\simbiconsourcecode2\release\src\ode-0.13\ode\src\collision_util.h(293): warning C4244: '=': conversion from 'double' to 'dReal', possible loss of data
     1>c:\users\jaseem\workspace\simbiconsourcecode2\release\src\ode-0.13\opcode\ice\icefpu.h(53): warning C4244: 'return': conversion from 'double' to 'float', possible loss of data
         collision_trimesh_plane.cpp
     1>c:\users\jaseem\workspace\simbiconsourcecode2\release\src\ode-0.13\ode\src\collision_util.h(204): warning C4244: '=': conversion from 'double' to 'dReal', possible loss of data
     1>c:\users\jaseem\workspace\simbiconsourcecode2\release\src\ode-0.13\ode\src\collision_util.h(205): warning C4244: '=': conversion from 'double' to 'dReal', possible loss of data
     1>c:\users\jaseem\workspace\simbiconsourcecode2\release\src\ode-0.13\ode\src\collision_util.h(206): warning C4244: '=': conversion from 'double' to 'dReal', possible loss of data
     1>c:\users\jaseem\workspace\simbiconsourcecode2\release\src\ode-0.13\ode\src\collision_util.h(208): warning C4244: '=': conversion from 'double' to 'dReal', possible loss of data
     1>c:\users\jaseem\workspace\simbiconsourcecode2\release\src\ode-0.13\ode\src\collision_util.h(209): warning C4244: '=': conversion from 'double' to 'dReal', possible loss of data
     1>c:\users\jaseem\workspace\simbiconsourcecode2\release\src\ode-0.13\ode\src\collision_util.h(210): warning C4244: '=': conversion from 'double' to 'dReal', possible loss of data
     1>c:\users\jaseem\workspace\simbiconsourcecode2\release\src\ode-0.13\ode\src\collision_util.h(212): warning C4244: '=': conversion from 'double' to 'dReal', possible loss of data
     1>c:\users\jaseem\workspace\simbiconsourcecode2\release\src\ode-0.13\ode\src\collision_util.h(213): warning C4244: '=': conversion from 'double' to 'dReal', possible loss of data
     1>c:\users\jaseem\workspace\simbiconsourcecode2\release\src\ode-0.13\ode\src\collision_util.h(214): warning C4244: '=': conversion from 'double' to 'dReal', possible loss of data
     1>c:\users\jaseem\workspace\simbiconsourcecode2\release\src\ode-0.13\ode\src\collision_util.h(275): warning C4244: '=': conversion from 'double' to 'dReal', possible loss of data
     1>c:\users\jaseem\workspace\simbiconsourcecode2\release\src\ode-0.13\ode\src\collision_util.h(280): warning C4244: '=': conversion from 'double' to 'dReal', possible loss of data
     1>c:\users\jaseem\workspace\simbiconsourcecode2\release\src\ode-0.13\ode\src\collision_util.h(281): warning C4244: '=': conversion from 'double' to 'dReal', possible loss of data
     1>c:\users\jaseem\workspace\simbiconsourcecode2\release\src\ode-0.13\ode\src\collision_util.h(286): warning C4244: '=': conversion from 'double' to 'dReal', possible loss of data
     1>c:\users\jaseem\workspace\simbiconsourcecode2\release\src\ode-0.13\ode\src\collision_util.h(293): warning C4244: '=': conversion from 'double' to 'dReal', possible loss of data
     1>c:\users\jaseem\workspace\simbiconsourcecode2\release\src\ode-0.13\opcode\ice\icefpu.h(53): warning C4244: 'return': conversion from 'double' to 'float', possible loss of data
         collision_trimesh_opcode.cpp
     1>c:\users\jaseem\workspace\simbiconsourcecode2\release\src\ode-0.13\ode\src\collision_util.h(204): warning C4244: '=': conversion from 'double' to 'dReal', possible loss of data
     1>c:\users\jaseem\workspace\simbiconsourcecode2\release\src\ode-0.13\ode\src\collision_util.h(205): warning C4244: '=': conversion from 'double' to 'dReal', possible loss of data
     1>c:\users\jaseem\workspace\simbiconsourcecode2\release\src\ode-0.13\ode\src\collision_util.h(206): warning C4244: '=': conversion from 'double' to 'dReal', possible loss of data
     1>c:\users\jaseem\workspace\simbiconsourcecode2\release\src\ode-0.13\ode\src\collision_util.h(208): warning C4244: '=': conversion from 'double' to 'dReal', possible loss of data
     1>c:\users\jaseem\workspace\simbiconsourcecode2\release\src\ode-0.13\ode\src\collision_util.h(209): warning C4244: '=': conversion from 'double' to 'dReal', possible loss of data
     1>c:\users\jaseem\workspace\simbiconsourcecode2\release\src\ode-0.13\ode\src\collision_util.h(210): warning C4244: '=': conversion from 'double' to 'dReal', possible loss of data
     1>c:\users\jaseem\workspace\simbiconsourcecode2\release\src\ode-0.13\ode\src\collision_util.h(212): warning C4244: '=': conversion from 'double' to 'dReal', possible loss of data
     1>c:\users\jaseem\workspace\simbiconsourcecode2\release\src\ode-0.13\ode\src\collision_util.h(213): warning C4244: '=': conversion from 'double' to 'dReal', possible loss of data
     1>c:\users\jaseem\workspace\simbiconsourcecode2\release\src\ode-0.13\ode\src\collision_util.h(214): warning C4244: '=': conversion from 'double' to 'dReal', possible loss of data
     1>c:\users\jaseem\workspace\simbiconsourcecode2\release\src\ode-0.13\ode\src\collision_util.h(275): warning C4244: '=': conversion from 'double' to 'dReal', possible loss of data
     1>c:\users\jaseem\workspace\simbiconsourcecode2\release\src\ode-0.13\ode\src\collision_util.h(280): warning C4244: '=': conversion from 'double' to 'dReal', possible loss of data
     1>c:\users\jaseem\workspace\simbiconsourcecode2\release\src\ode-0.13\ode\src\collision_util.h(281): warning C4244: '=': conversion from 'double' to 'dReal', possible loss of data
     1>c:\users\jaseem\workspace\simbiconsourcecode2\release\src\ode-0.13\ode\src\collision_util.h(286): warning C4244: '=': conversion from 'double' to 'dReal', possible loss of data
     1>c:\users\jaseem\workspace\simbiconsourcecode2\release\src\ode-0.13\ode\src\collision_util.h(293): warning C4244: '=': conversion from 'double' to 'dReal', possible loss of data
     1>c:\users\jaseem\workspace\simbiconsourcecode2\release\src\ode-0.13\opcode\ice\icefpu.h(53): warning C4244: 'return': conversion from 'double' to 'float', possible loss of data
         collision_trimesh_gimpact.cpp
     1>c:\users\jaseem\workspace\simbiconsourcecode2\release\src\ode-0.13\ode\src\collision_util.h(204): warning C4244: '=': conversion from 'double' to 'dReal', possible loss of data
     1>c:\users\jaseem\workspace\simbiconsourcecode2\release\src\ode-0.13\ode\src\collision_util.h(205): warning C4244: '=': conversion from 'double' to 'dReal', possible loss of data
     1>c:\users\jaseem\workspace\simbiconsourcecode2\release\src\ode-0.13\ode\src\collision_util.h(206): warning C4244: '=': conversion from 'double' to 'dReal', possible loss of data
     1>c:\users\jaseem\workspace\simbiconsourcecode2\release\src\ode-0.13\ode\src\collision_util.h(208): warning C4244: '=': conversion from 'double' to 'dReal', possible loss of data
     1>c:\users\jaseem\workspace\simbiconsourcecode2\release\src\ode-0.13\ode\src\collision_util.h(209): warning C4244: '=': conversion from 'double' to 'dReal', possible loss of data
     1>c:\users\jaseem\workspace\simbiconsourcecode2\release\src\ode-0.13\ode\src\collision_util.h(210): warning C4244: '=': conversion from 'double' to 'dReal', possible loss of data
     1>c:\users\jaseem\workspace\simbiconsourcecode2\release\src\ode-0.13\ode\src\collision_util.h(212): warning C4244: '=': conversion from 'double' to 'dReal', possible loss of data
     1>c:\users\jaseem\workspace\simbiconsourcecode2\release\src\ode-0.13\ode\src\collision_util.h(213): warning C4244: '=': conversion from 'double' to 'dReal', possible loss of data
     1>c:\users\jaseem\workspace\simbiconsourcecode2\release\src\ode-0.13\ode\src\collision_util.h(214): warning C4244: '=': conversion from 'double' to 'dReal', possible loss of data
     1>c:\users\jaseem\workspace\simbiconsourcecode2\release\src\ode-0.13\ode\src\collision_util.h(275): warning C4244: '=': conversion from 'double' to 'dReal', possible loss of data
     1>c:\users\jaseem\workspace\simbiconsourcecode2\release\src\ode-0.13\ode\src\collision_util.h(280): warning C4244: '=': conversion from 'double' to 'dReal', possible loss of data
     1>c:\users\jaseem\workspace\simbiconsourcecode2\release\src\ode-0.13\ode\src\collision_util.h(281): warning C4244: '=': conversion from 'double' to 'dReal', possible loss of data
     1>c:\users\jaseem\workspace\simbiconsourcecode2\release\src\ode-0.13\ode\src\collision_util.h(286): warning C4244: '=': conversion from 'double' to 'dReal', possible loss of data
     1>c:\users\jaseem\workspace\simbiconsourcecode2\release\src\ode-0.13\ode\src\collision_util.h(293): warning C4244: '=': conversion from 'double' to 'dReal', possible loss of data
     1>c:\users\jaseem\workspace\simbiconsourcecode2\release\src\ode-0.13\opcode\ice\icefpu.h(53): warning C4244: 'return': conversion from 'double' to 'float', possible loss of data
         collision_trimesh_distance.cpp
     1>c:\users\jaseem\workspace\simbiconsourcecode2\release\src\ode-0.13\opcode\ice\icefpu.h(53): warning C4244: 'return': conversion from 'double' to 'float', possible loss of data
         collision_trimesh_disabled.cpp
         collision_trimesh_ccylinder.cpp
     1>c:\users\jaseem\workspace\simbiconsourcecode2\release\src\ode-0.13\ode\src\collision_util.h(204): warning C4244: '=': conversion from 'double' to 'dReal', possible loss of data
     1>c:\users\jaseem\workspace\simbiconsourcecode2\release\src\ode-0.13\ode\src\collision_util.h(205): warning C4244: '=': conversion from 'double' to 'dReal', possible loss of data
     1>c:\users\jaseem\workspace\simbiconsourcecode2\release\src\ode-0.13\ode\src\collision_util.h(206): warning C4244: '=': conversion from 'double' to 'dReal', possible loss of data
     1>c:\users\jaseem\workspace\simbiconsourcecode2\release\src\ode-0.13\ode\src\collision_util.h(208): warning C4244: '=': conversion from 'double' to 'dReal', possible loss of data
     1>c:\users\jaseem\workspace\simbiconsourcecode2\release\src\ode-0.13\ode\src\collision_util.h(209): warning C4244: '=': conversion from 'double' to 'dReal', possible loss of data
     1>c:\users\jaseem\workspace\simbiconsourcecode2\release\src\ode-0.13\ode\src\collision_util.h(210): warning C4244: '=': conversion from 'double' to 'dReal', possible loss of data
     1>c:\users\jaseem\workspace\simbiconsourcecode2\release\src\ode-0.13\ode\src\collision_util.h(212): warning C4244: '=': conversion from 'double' to 'dReal', possible loss of data
     1>c:\users\jaseem\workspace\simbiconsourcecode2\release\src\ode-0.13\ode\src\collision_util.h(213): warning C4244: '=': conversion from 'double' to 'dReal', possible loss of data
     1>c:\users\jaseem\workspace\simbiconsourcecode2\release\src\ode-0.13\ode\src\collision_util.h(214): warning C4244: '=': conversion from 'double' to 'dReal', possible loss of data
     1>c:\users\jaseem\workspace\simbiconsourcecode2\release\src\ode-0.13\ode\src\collision_util.h(275): warning C4244: '=': conversion from 'double' to 'dReal', possible loss of data
     1>c:\users\jaseem\workspace\simbiconsourcecode2\release\src\ode-0.13\ode\src\collision_util.h(280): warning C4244: '=': conversion from 'double' to 'dReal', possible loss of data
     1>c:\users\jaseem\workspace\simbiconsourcecode2\release\src\ode-0.13\ode\src\collision_util.h(281): warning C4244: '=': conversion from 'double' to 'dReal', possible loss of data
     1>c:\users\jaseem\workspace\simbiconsourcecode2\release\src\ode-0.13\ode\src\collision_util.h(286): warning C4244: '=': conversion from 'double' to 'dReal', possible loss of data
     1>c:\users\jaseem\workspace\simbiconsourcecode2\release\src\ode-0.13\ode\src\collision_util.h(293): warning C4244: '=': conversion from 'double' to 'dReal', possible loss of data
     1>c:\users\jaseem\workspace\simbiconsourcecode2\release\src\ode-0.13\opcode\ice\icefpu.h(53): warning C4244: 'return': conversion from 'double' to 'float', possible loss of data
         collision_trimesh_box.cpp
     1>c:\users\jaseem\workspace\simbiconsourcecode2\release\src\ode-0.13\ode\src\collision_util.h(204): warning C4244: '=': conversion from 'double' to 'dReal', possible loss of data
     1>c:\users\jaseem\workspace\simbiconsourcecode2\release\src\ode-0.13\ode\src\collision_util.h(205): warning C4244: '=': conversion from 'double' to 'dReal', possible loss of data
     1>c:\users\jaseem\workspace\simbiconsourcecode2\release\src\ode-0.13\ode\src\collision_util.h(206): warning C4244: '=': conversion from 'double' to 'dReal', possible loss of data
     1>c:\users\jaseem\workspace\simbiconsourcecode2\release\src\ode-0.13\ode\src\collision_util.h(208): warning C4244: '=': conversion from 'double' to 'dReal', possible loss of data
     1>c:\users\jaseem\workspace\simbiconsourcecode2\release\src\ode-0.13\ode\src\collision_util.h(209): warning C4244: '=': conversion from 'double' to 'dReal', possible loss of data
     1>c:\users\jaseem\workspace\simbiconsourcecode2\release\src\ode-0.13\ode\src\collision_util.h(210): warning C4244: '=': conversion from 'double' to 'dReal', possible loss of data
     1>c:\users\jaseem\workspace\simbiconsourcecode2\release\src\ode-0.13\ode\src\collision_util.h(212): warning C4244: '=': conversion from 'double' to 'dReal', possible loss of data
     1>c:\users\jaseem\workspace\simbiconsourcecode2\release\src\ode-0.13\ode\src\collision_util.h(213): warning C4244: '=': conversion from 'double' to 'dReal', possible loss of data
     1>c:\users\jaseem\workspace\simbiconsourcecode2\release\src\ode-0.13\ode\src\collision_util.h(214): warning C4244: '=': conversion from 'double' to 'dReal', possible loss of data
     1>c:\users\jaseem\workspace\simbiconsourcecode2\release\src\ode-0.13\ode\src\collision_util.h(275): warning C4244: '=': conversion from 'double' to 'dReal', possible loss of data
     1>c:\users\jaseem\workspace\simbiconsourcecode2\release\src\ode-0.13\ode\src\collision_util.h(280): warning C4244: '=': conversion from 'double' to 'dReal', possible loss of data
     1>c:\users\jaseem\workspace\simbiconsourcecode2\release\src\ode-0.13\ode\src\collision_util.h(281): warning C4244: '=': conversion from 'double' to 'dReal', possible loss of data
     1>c:\users\jaseem\workspace\simbiconsourcecode2\release\src\ode-0.13\ode\src\collision_util.h(286): warning C4244: '=': conversion from 'double' to 'dReal', possible loss of data
     1>c:\users\jaseem\workspace\simbiconsourcecode2\release\src\ode-0.13\ode\src\collision_util.h(293): warning C4244: '=': conversion from 'double' to 'dReal', possible loss of data
     1>c:\users\jaseem\workspace\simbiconsourcecode2\release\src\ode-0.13\opcode\ice\icefpu.h(53): warning C4244: 'return': conversion from 'double' to 'float', possible loss of data
         collision_transform.cpp
     1>c:\users\jaseem\workspace\simbiconsourcecode2\release\src\ode-0.13\ode\src\collision_util.h(204): warning C4244: '=': conversion from 'double' to 'dReal', possible loss of data
     1>c:\users\jaseem\workspace\simbiconsourcecode2\release\src\ode-0.13\ode\src\collision_util.h(205): warning C4244: '=': conversion from 'double' to 'dReal', possible loss of data
     1>c:\users\jaseem\workspace\simbiconsourcecode2\release\src\ode-0.13\ode\src\collision_util.h(206): warning C4244: '=': conversion from 'double' to 'dReal', possible loss of data
     1>c:\users\jaseem\workspace\simbiconsourcecode2\release\src\ode-0.13\ode\src\collision_util.h(208): warning C4244: '=': conversion from 'double' to 'dReal', possible loss of data
     1>c:\users\jaseem\workspace\simbiconsourcecode2\release\src\ode-0.13\ode\src\collision_util.h(209): warning C4244: '=': conversion from 'double' to 'dReal', possible loss of data
     1>c:\users\jaseem\workspace\simbiconsourcecode2\release\src\ode-0.13\ode\src\collision_util.h(210): warning C4244: '=': conversion from 'double' to 'dReal', possible loss of data
     1>c:\users\jaseem\workspace\simbiconsourcecode2\release\src\ode-0.13\ode\src\collision_util.h(212): warning C4244: '=': conversion from 'double' to 'dReal', possible loss of data
     1>c:\users\jaseem\workspace\simbiconsourcecode2\release\src\ode-0.13\ode\src\collision_util.h(213): warning C4244: '=': conversion from 'double' to 'dReal', possible loss of data
     1>c:\users\jaseem\workspace\simbiconsourcecode2\release\src\ode-0.13\ode\src\collision_util.h(214): warning C4244: '=': conversion from 'double' to 'dReal', possible loss of data
     1>c:\users\jaseem\workspace\simbiconsourcecode2\release\src\ode-0.13\ode\src\collision_util.h(275): warning C4244: '=': conversion from 'double' to 'dReal', possible loss of data
     1>c:\users\jaseem\workspace\simbiconsourcecode2\release\src\ode-0.13\ode\src\collision_util.h(280): warning C4244: '=': conversion from 'double' to 'dReal', possible loss of data
     1>c:\users\jaseem\workspace\simbiconsourcecode2\release\src\ode-0.13\ode\src\collision_util.h(281): warning C4244: '=': conversion from 'double' to 'dReal', possible loss of data
     1>c:\users\jaseem\workspace\simbiconsourcecode2\release\src\ode-0.13\ode\src\collision_util.h(286): warning C4244: '=': conversion from 'double' to 'dReal', possible loss of data
     1>c:\users\jaseem\workspace\simbiconsourcecode2\release\src\ode-0.13\ode\src\collision_util.h(293): warning C4244: '=': conversion from 'double' to 'dReal', possible loss of data
         Generating Code...
         Compiling...
         collision_space.cpp
         collision_sapspace.cpp
         collision_quadtreespace.cpp
         collision_kernel.cpp
     1>c:\users\jaseem\workspace\simbiconsourcecode2\release\src\ode-0.13\ode\src\collision_util.h(204): warning C4244: '=': conversion from 'double' to 'dReal', possible loss of data
     1>c:\users\jaseem\workspace\simbiconsourcecode2\release\src\ode-0.13\ode\src\collision_util.h(205): warning C4244: '=': conversion from 'double' to 'dReal', possible loss of data
     1>c:\users\jaseem\workspace\simbiconsourcecode2\release\src\ode-0.13\ode\src\collision_util.h(206): warning C4244: '=': conversion from 'double' to 'dReal', possible loss of data
     1>c:\users\jaseem\workspace\simbiconsourcecode2\release\src\ode-0.13\ode\src\collision_util.h(208): warning C4244: '=': conversion from 'double' to 'dReal', possible loss of data
     1>c:\users\jaseem\workspace\simbiconsourcecode2\release\src\ode-0.13\ode\src\collision_util.h(209): warning C4244: '=': conversion from 'double' to 'dReal', possible loss of data
     1>c:\users\jaseem\workspace\simbiconsourcecode2\release\src\ode-0.13\ode\src\collision_util.h(210): warning C4244: '=': conversion from 'double' to 'dReal', possible loss of data
     1>c:\users\jaseem\workspace\simbiconsourcecode2\release\src\ode-0.13\ode\src\collision_util.h(212): warning C4244: '=': conversion from 'double' to 'dReal', possible loss of data
     1>c:\users\jaseem\workspace\simbiconsourcecode2\release\src\ode-0.13\ode\src\collision_util.h(213): warning C4244: '=': conversion from 'double' to 'dReal', possible loss of data
     1>c:\users\jaseem\workspace\simbiconsourcecode2\release\src\ode-0.13\ode\src\collision_util.h(214): warning C4244: '=': conversion from 'double' to 'dReal', possible loss of data
     1>c:\users\jaseem\workspace\simbiconsourcecode2\release\src\ode-0.13\ode\src\collision_util.h(275): warning C4244: '=': conversion from 'double' to 'dReal', possible loss of data
     1>c:\users\jaseem\workspace\simbiconsourcecode2\release\src\ode-0.13\ode\src\collision_util.h(280): warning C4244: '=': conversion from 'double' to 'dReal', possible loss of data
     1>c:\users\jaseem\workspace\simbiconsourcecode2\release\src\ode-0.13\ode\src\collision_util.h(281): warning C4244: '=': conversion from 'double' to 'dReal', possible loss of data
     1>c:\users\jaseem\workspace\simbiconsourcecode2\release\src\ode-0.13\ode\src\collision_util.h(286): warning C4244: '=': conversion from 'double' to 'dReal', possible loss of data
     1>c:\users\jaseem\workspace\simbiconsourcecode2\release\src\ode-0.13\ode\src\collision_util.h(293): warning C4244: '=': conversion from 'double' to 'dReal', possible loss of data
     1>c:\users\jaseem\workspace\simbiconsourcecode2\release\src\ode-0.13\opcode\ice\icefpu.h(53): warning C4244: 'return': conversion from 'double' to 'float', possible loss of data
         collision_cylinder_trimesh.cpp
     1>c:\users\jaseem\workspace\simbiconsourcecode2\release\src\ode-0.13\ode\src\collision_util.h(204): warning C4244: '=': conversion from 'double' to 'dReal', possible loss of data
     1>c:\users\jaseem\workspace\simbiconsourcecode2\release\src\ode-0.13\ode\src\collision_util.h(205): warning C4244: '=': conversion from 'double' to 'dReal', possible loss of data
     1>c:\users\jaseem\workspace\simbiconsourcecode2\release\src\ode-0.13\ode\src\collision_util.h(206): warning C4244: '=': conversion from 'double' to 'dReal', possible loss of data
     1>c:\users\jaseem\workspace\simbiconsourcecode2\release\src\ode-0.13\ode\src\collision_util.h(208): warning C4244: '=': conversion from 'double' to 'dReal', possible loss of data
     1>c:\users\jaseem\workspace\simbiconsourcecode2\release\src\ode-0.13\ode\src\collision_util.h(209): warning C4244: '=': conversion from 'double' to 'dReal', possible loss of data
     1>c:\users\jaseem\workspace\simbiconsourcecode2\release\src\ode-0.13\ode\src\collision_util.h(210): warning C4244: '=': conversion from 'double' to 'dReal', possible loss of data
     1>c:\users\jaseem\workspace\simbiconsourcecode2\release\src\ode-0.13\ode\src\collision_util.h(212): warning C4244: '=': conversion from 'double' to 'dReal', possible loss of data
     1>c:\users\jaseem\workspace\simbiconsourcecode2\release\src\ode-0.13\ode\src\collision_util.h(213): warning C4244: '=': conversion from 'double' to 'dReal', possible loss of data
     1>c:\users\jaseem\workspace\simbiconsourcecode2\release\src\ode-0.13\ode\src\collision_util.h(214): warning C4244: '=': conversion from 'double' to 'dReal', possible loss of data
     1>c:\users\jaseem\workspace\simbiconsourcecode2\release\src\ode-0.13\ode\src\collision_util.h(275): warning C4244: '=': conversion from 'double' to 'dReal', possible loss of data
     1>c:\users\jaseem\workspace\simbiconsourcecode2\release\src\ode-0.13\ode\src\collision_util.h(280): warning C4244: '=': conversion from 'double' to 'dReal', possible loss of data
     1>c:\users\jaseem\workspace\simbiconsourcecode2\release\src\ode-0.13\ode\src\collision_util.h(281): warning C4244: '=': conversion from 'double' to 'dReal', possible loss of data
     1>c:\users\jaseem\workspace\simbiconsourcecode2\release\src\ode-0.13\ode\src\collision_util.h(286): warning C4244: '=': conversion from 'double' to 'dReal', possible loss of data
     1>c:\users\jaseem\workspace\simbiconsourcecode2\release\src\ode-0.13\ode\src\collision_util.h(293): warning C4244: '=': conversion from 'double' to 'dReal', possible loss of data
     1>c:\users\jaseem\workspace\simbiconsourcecode2\release\src\ode-0.13\opcode\ice\icefpu.h(53): warning C4244: 'return': conversion from 'double' to 'float', possible loss of data
         collision_cylinder_sphere.cpp
     1>c:\users\jaseem\workspace\simbiconsourcecode2\release\src\ode-0.13\ode\src\collision_util.h(204): warning C4244: '=': conversion from 'double' to 'dReal', possible loss of data
     1>c:\users\jaseem\workspace\simbiconsourcecode2\release\src\ode-0.13\ode\src\collision_util.h(205): warning C4244: '=': conversion from 'double' to 'dReal', possible loss of data
     1>c:\users\jaseem\workspace\simbiconsourcecode2\release\src\ode-0.13\ode\src\collision_util.h(206): warning C4244: '=': conversion from 'double' to 'dReal', possible loss of data
     1>c:\users\jaseem\workspace\simbiconsourcecode2\release\src\ode-0.13\ode\src\collision_util.h(208): warning C4244: '=': conversion from 'double' to 'dReal', possible loss of data
     1>c:\users\jaseem\workspace\simbiconsourcecode2\release\src\ode-0.13\ode\src\collision_util.h(209): warning C4244: '=': conversion from 'double' to 'dReal', possible loss of data
     1>c:\users\jaseem\workspace\simbiconsourcecode2\release\src\ode-0.13\ode\src\collision_util.h(210): warning C4244: '=': conversion from 'double' to 'dReal', possible loss of data
     1>c:\users\jaseem\workspace\simbiconsourcecode2\release\src\ode-0.13\ode\src\collision_util.h(212): warning C4244: '=': conversion from 'double' to 'dReal', possible loss of data
     1>c:\users\jaseem\workspace\simbiconsourcecode2\release\src\ode-0.13\ode\src\collision_util.h(213): warning C4244: '=': conversion from 'double' to 'dReal', possible loss of data
     1>c:\users\jaseem\workspace\simbiconsourcecode2\release\src\ode-0.13\ode\src\collision_util.h(214): warning C4244: '=': conversion from 'double' to 'dReal', possible loss of data
     1>c:\users\jaseem\workspace\simbiconsourcecode2\release\src\ode-0.13\ode\src\collision_util.h(275): warning C4244: '=': conversion from 'double' to 'dReal', possible loss of data
     1>c:\users\jaseem\workspace\simbiconsourcecode2\release\src\ode-0.13\ode\src\collision_util.h(280): warning C4244: '=': conversion from 'double' to 'dReal', possible loss of data
     1>c:\users\jaseem\workspace\simbiconsourcecode2\release\src\ode-0.13\ode\src\collision_util.h(281): warning C4244: '=': conversion from 'double' to 'dReal', possible loss of data
     1>c:\users\jaseem\workspace\simbiconsourcecode2\release\src\ode-0.13\ode\src\collision_util.h(286): warning C4244: '=': conversion from 'double' to 'dReal', possible loss of data
     1>c:\users\jaseem\workspace\simbiconsourcecode2\release\src\ode-0.13\ode\src\collision_util.h(293): warning C4244: '=': conversion from 'double' to 'dReal', possible loss of data
         collision_cylinder_plane.cpp
     1>c:\users\jaseem\workspace\simbiconsourcecode2\release\src\ode-0.13\ode\src\collision_util.h(204): warning C4244: '=': conversion from 'double' to 'dReal', possible loss of data
     1>c:\users\jaseem\workspace\simbiconsourcecode2\release\src\ode-0.13\ode\src\collision_util.h(205): warning C4244: '=': conversion from 'double' to 'dReal', possible loss of data
     1>c:\users\jaseem\workspace\simbiconsourcecode2\release\src\ode-0.13\ode\src\collision_util.h(206): warning C4244: '=': conversion from 'double' to 'dReal', possible loss of data
     1>c:\users\jaseem\workspace\simbiconsourcecode2\release\src\ode-0.13\ode\src\collision_util.h(208): warning C4244: '=': conversion from 'double' to 'dReal', possible loss of data
     1>c:\users\jaseem\workspace\simbiconsourcecode2\release\src\ode-0.13\ode\src\collision_util.h(209): warning C4244: '=': conversion from 'double' to 'dReal', possible loss of data
     1>c:\users\jaseem\workspace\simbiconsourcecode2\release\src\ode-0.13\ode\src\collision_util.h(210): warning C4244: '=': conversion from 'double' to 'dReal', possible loss of data
     1>c:\users\jaseem\workspace\simbiconsourcecode2\release\src\ode-0.13\ode\src\collision_util.h(212): warning C4244: '=': conversion from 'double' to 'dReal', possible loss of data
     1>c:\users\jaseem\workspace\simbiconsourcecode2\release\src\ode-0.13\ode\src\collision_util.h(213): warning C4244: '=': conversion from 'double' to 'dReal', possible loss of data
     1>c:\users\jaseem\workspace\simbiconsourcecode2\release\src\ode-0.13\ode\src\collision_util.h(214): warning C4244: '=': conversion from 'double' to 'dReal', possible loss of data
     1>c:\users\jaseem\workspace\simbiconsourcecode2\release\src\ode-0.13\ode\src\collision_util.h(275): warning C4244: '=': conversion from 'double' to 'dReal', possible loss of data
     1>c:\users\jaseem\workspace\simbiconsourcecode2\release\src\ode-0.13\ode\src\collision_util.h(280): warning C4244: '=': conversion from 'double' to 'dReal', possible loss of data
     1>c:\users\jaseem\workspace\simbiconsourcecode2\release\src\ode-0.13\ode\src\collision_util.h(281): warning C4244: '=': conversion from 'double' to 'dReal', possible loss of data
     1>c:\users\jaseem\workspace\simbiconsourcecode2\release\src\ode-0.13\ode\src\collision_util.h(286): warning C4244: '=': conversion from 'double' to 'dReal', possible loss of data
     1>c:\users\jaseem\workspace\simbiconsourcecode2\release\src\ode-0.13\ode\src\collision_util.h(293): warning C4244: '=': conversion from 'double' to 'dReal', possible loss of data
         collision_cylinder_box.cpp
     1>c:\users\jaseem\workspace\simbiconsourcecode2\release\src\ode-0.13\ode\src\collision_util.h(204): warning C4244: '=': conversion from 'double' to 'dReal', possible loss of data
     1>c:\users\jaseem\workspace\simbiconsourcecode2\release\src\ode-0.13\ode\src\collision_util.h(205): warning C4244: '=': conversion from 'double' to 'dReal', possible loss of data
     1>c:\users\jaseem\workspace\simbiconsourcecode2\release\src\ode-0.13\ode\src\collision_util.h(206): warning C4244: '=': conversion from 'double' to 'dReal', possible loss of data
     1>c:\users\jaseem\workspace\simbiconsourcecode2\release\src\ode-0.13\ode\src\collision_util.h(208): warning C4244: '=': conversion from 'double' to 'dReal', possible loss of data
     1>c:\users\jaseem\workspace\simbiconsourcecode2\release\src\ode-0.13\ode\src\collision_util.h(209): warning C4244: '=': conversion from 'double' to 'dReal', possible loss of data
     1>c:\users\jaseem\workspace\simbiconsourcecode2\release\src\ode-0.13\ode\src\collision_util.h(210): warning C4244: '=': conversion from 'double' to 'dReal', possible loss of data
     1>c:\users\jaseem\workspace\simbiconsourcecode2\release\src\ode-0.13\ode\src\collision_util.h(212): warning C4244: '=': conversion from 'double' to 'dReal', possible loss of data
     1>c:\users\jaseem\workspace\simbiconsourcecode2\release\src\ode-0.13\ode\src\collision_util.h(213): warning C4244: '=': conversion from 'double' to 'dReal', possible loss of data
     1>c:\users\jaseem\workspace\simbiconsourcecode2\release\src\ode-0.13\ode\src\collision_util.h(214): warning C4244: '=': conversion from 'double' to 'dReal', possible loss of data
     1>c:\users\jaseem\workspace\simbiconsourcecode2\release\src\ode-0.13\ode\src\collision_util.h(275): warning C4244: '=': conversion from 'double' to 'dReal', possible loss of data
     1>c:\users\jaseem\workspace\simbiconsourcecode2\release\src\ode-0.13\ode\src\collision_util.h(280): warning C4244: '=': conversion from 'double' to 'dReal', possible loss of data
     1>c:\users\jaseem\workspace\simbiconsourcecode2\release\src\ode-0.13\ode\src\collision_util.h(281): warning C4244: '=': conversion from 'double' to 'dReal', possible loss of data
     1>c:\users\jaseem\workspace\simbiconsourcecode2\release\src\ode-0.13\ode\src\collision_util.h(286): warning C4244: '=': conversion from 'double' to 'dReal', possible loss of data
     1>c:\users\jaseem\workspace\simbiconsourcecode2\release\src\ode-0.13\ode\src\collision_util.h(293): warning C4244: '=': conversion from 'double' to 'dReal', possible loss of data
         capsule.cpp
     1>c:\users\jaseem\workspace\simbiconsourcecode2\release\src\ode-0.13\ode\src\collision_util.h(204): warning C4244: '=': conversion from 'double' to 'dReal', possible loss of data
     1>c:\users\jaseem\workspace\simbiconsourcecode2\release\src\ode-0.13\ode\src\collision_util.h(205): warning C4244: '=': conversion from 'double' to 'dReal', possible loss of data
     1>c:\users\jaseem\workspace\simbiconsourcecode2\release\src\ode-0.13\ode\src\collision_util.h(206): warning C4244: '=': conversion from 'double' to 'dReal', possible loss of data
     1>c:\users\jaseem\workspace\simbiconsourcecode2\release\src\ode-0.13\ode\src\collision_util.h(208): warning C4244: '=': conversion from 'double' to 'dReal', possible loss of data
     1>c:\users\jaseem\workspace\simbiconsourcecode2\release\src\ode-0.13\ode\src\collision_util.h(209): warning C4244: '=': conversion from 'double' to 'dReal', possible loss of data
     1>c:\users\jaseem\workspace\simbiconsourcecode2\release\src\ode-0.13\ode\src\collision_util.h(210): warning C4244: '=': conversion from 'double' to 'dReal', possible loss of data
     1>c:\users\jaseem\workspace\simbiconsourcecode2\release\src\ode-0.13\ode\src\collision_util.h(212): warning C4244: '=': conversion from 'double' to 'dReal', possible loss of data
     1>c:\users\jaseem\workspace\simbiconsourcecode2\release\src\ode-0.13\ode\src\collision_util.h(213): warning C4244: '=': conversion from 'double' to 'dReal', possible loss of data
     1>c:\users\jaseem\workspace\simbiconsourcecode2\release\src\ode-0.13\ode\src\collision_util.h(214): warning C4244: '=': conversion from 'double' to 'dReal', possible loss of data
     1>c:\users\jaseem\workspace\simbiconsourcecode2\release\src\ode-0.13\ode\src\collision_util.h(275): warning C4244: '=': conversion from 'double' to 'dReal', possible loss of data
     1>c:\users\jaseem\workspace\simbiconsourcecode2\release\src\ode-0.13\ode\src\collision_util.h(280): warning C4244: '=': conversion from 'double' to 'dReal', possible loss of data
     1>c:\users\jaseem\workspace\simbiconsourcecode2\release\src\ode-0.13\ode\src\collision_util.h(281): warning C4244: '=': conversion from 'double' to 'dReal', possible loss of data
     1>c:\users\jaseem\workspace\simbiconsourcecode2\release\src\ode-0.13\ode\src\collision_util.h(286): warning C4244: '=': conversion from 'double' to 'dReal', possible loss of data
     1>c:\users\jaseem\workspace\simbiconsourcecode2\release\src\ode-0.13\ode\src\collision_util.h(293): warning C4244: '=': conversion from 'double' to 'dReal', possible loss of data
         box.cpp
     1>c:\users\jaseem\workspace\simbiconsourcecode2\release\src\ode-0.13\ode\src\collision_util.h(204): warning C4244: '=': conversion from 'double' to 'dReal', possible loss of data
     1>c:\users\jaseem\workspace\simbiconsourcecode2\release\src\ode-0.13\ode\src\collision_util.h(205): warning C4244: '=': conversion from 'double' to 'dReal', possible loss of data
     1>c:\users\jaseem\workspace\simbiconsourcecode2\release\src\ode-0.13\ode\src\collision_util.h(206): warning C4244: '=': conversion from 'double' to 'dReal', possible loss of data
     1>c:\users\jaseem\workspace\simbiconsourcecode2\release\src\ode-0.13\ode\src\collision_util.h(208): warning C4244: '=': conversion from 'double' to 'dReal', possible loss of data
     1>c:\users\jaseem\workspace\simbiconsourcecode2\release\src\ode-0.13\ode\src\collision_util.h(209): warning C4244: '=': conversion from 'double' to 'dReal', possible loss of data
     1>c:\users\jaseem\workspace\simbiconsourcecode2\release\src\ode-0.13\ode\src\collision_util.h(210): warning C4244: '=': conversion from 'double' to 'dReal', possible loss of data
     1>c:\users\jaseem\workspace\simbiconsourcecode2\release\src\ode-0.13\ode\src\collision_util.h(212): warning C4244: '=': conversion from 'double' to 'dReal', possible loss of data
     1>c:\users\jaseem\workspace\simbiconsourcecode2\release\src\ode-0.13\ode\src\collision_util.h(213): warning C4244: '=': conversion from 'double' to 'dReal', possible loss of data
     1>c:\users\jaseem\workspace\simbiconsourcecode2\release\src\ode-0.13\ode\src\collision_util.h(214): warning C4244: '=': conversion from 'double' to 'dReal', possible loss of data
     1>c:\users\jaseem\workspace\simbiconsourcecode2\release\src\ode-0.13\ode\src\collision_util.h(275): warning C4244: '=': conversion from 'double' to 'dReal', possible loss of data
     1>c:\users\jaseem\workspace\simbiconsourcecode2\release\src\ode-0.13\ode\src\collision_util.h(280): warning C4244: '=': conversion from 'double' to 'dReal', possible loss of data
     1>c:\users\jaseem\workspace\simbiconsourcecode2\release\src\ode-0.13\ode\src\collision_util.h(281): warning C4244: '=': conversion from 'double' to 'dReal', possible loss of data
     1>c:\users\jaseem\workspace\simbiconsourcecode2\release\src\ode-0.13\ode\src\collision_util.h(286): warning C4244: '=': conversion from 'double' to 'dReal', possible loss of data
     1>c:\users\jaseem\workspace\simbiconsourcecode2\release\src\ode-0.13\ode\src\collision_util.h(293): warning C4244: '=': conversion from 'double' to 'dReal', possible loss of data
         array.cpp
         Generating Code...
         C:\Program Files (x86)\Microsoft Visual Studio 14.0\VC\bin\CL.exe /c /I..\..\include /I..\..\ode\src /I..\..\ode\src\joints /I..\..\OPCODE /I..\..\GIMPACT\include /I..\..\libccd\src /I..\..\ou\include /ZI /nologo /W3 /WX- /Od /Oy- /D _MT /D _DEBUG /D dIDESINGLE /D CCD_IDESINGLE /D WIN32 /D _CRT_SECURE_NO_DEPRECATE /D _USE_MATH_DEFINES /D _OU_NAMESPACE=odeou /D ODE_LIB /D _MBCS /Gm /EHsc /RTC1 /MTd /GS /Gy /fp:precise /Zc:wchar_t /Zc:forScope /Zc:inline /Fo"obj\DebugSingleLib\\" /Fd"..\..\..\binaries\Debug\ode_singled.pdb" /Gd /TC /analyze- /errorReport:prompt ..\..\ode\src\fastdot.c ..\..\ode\src\fastldlt.c ..\..\ode\src\fastlsolve.c ..\..\ode\src\fastltsolve.c ..\..\ode\src\nextafterf.c
         nextafterf.c
         fastltsolve.c
         fastlsolve.c
         fastldlt.c
         fastdot.c
         Generating Code...
       Lib:
         C:\Program Files (x86)\Microsoft Visual Studio 14.0\VC\bin\Lib.exe /OUT:"..\..\..\binaries\Debug\ode.lib" user32.lib /NOLOGO obj\DebugSingleLib\array.obj
         obj\DebugSingleLib\box.obj
         obj\DebugSingleLib\capsule.obj
         obj\DebugSingleLib\collision_cylinder_box.obj
         obj\DebugSingleLib\collision_cylinder_plane.obj
         obj\DebugSingleLib\collision_cylinder_sphere.obj
         obj\DebugSingleLib\collision_cylinder_trimesh.obj
         obj\DebugSingleLib\collision_kernel.obj
         obj\DebugSingleLib\collision_quadtreespace.obj
         obj\DebugSingleLib\collision_sapspace.obj
         obj\DebugSingleLib\collision_space.obj
         obj\DebugSingleLib\collision_transform.obj
         obj\DebugSingleLib\collision_trimesh_box.obj
         obj\DebugSingleLib\collision_trimesh_ccylinder.obj
         obj\DebugSingleLib\collision_trimesh_disabled.obj
         obj\DebugSingleLib\collision_trimesh_distance.obj
         obj\DebugSingleLib\collision_trimesh_gimpact.obj
         obj\DebugSingleLib\collision_trimesh_opcode.obj
         obj\DebugSingleLib\collision_trimesh_plane.obj
         obj\DebugSingleLib\collision_trimesh_ray.obj
         obj\DebugSingleLib\collision_trimesh_sphere.obj
         obj\DebugSingleLib\collision_trimesh_trimesh.obj
         obj\DebugSingleLib\collision_trimesh_trimesh_new.obj
         obj\DebugSingleLib\collision_util.obj
         obj\DebugSingleLib\convex.obj
         obj\DebugSingleLib\cylinder.obj
         obj\DebugSingleLib\error.obj
         "obj\DebugSingleLib\export-dif.obj"
         obj\DebugSingleLib\fastdot.obj
         obj\DebugSingleLib\fastldlt.obj
         obj\DebugSingleLib\fastlsolve.obj
         obj\DebugSingleLib\fastltsolve.obj
         obj\DebugSingleLib\heightfield.obj
         obj\DebugSingleLib\amotor.obj
         obj\DebugSingleLib\ball.obj
         obj\DebugSingleLib\contact.obj
         obj\DebugSingleLib\dball.obj
         obj\DebugSingleLib\dhinge.obj
         obj\DebugSingleLib\fixed.obj
         obj\DebugSingleLib\hinge.obj
         obj\DebugSingleLib\hinge2.obj
         obj\DebugSingleLib\joint.obj
         obj\DebugSingleLib\lmotor.obj
         obj\DebugSingleLib\null.obj
         obj\DebugSingleLib\piston.obj
         obj\DebugSingleLib\plane2d.obj
         obj\DebugSingleLib\pr.obj
         obj\DebugSingleLib\pu.obj
         obj\DebugSingleLib\slider.obj
         obj\DebugSingleLib\transmission.obj
         obj\DebugSingleLib\universal.obj
         obj\DebugSingleLib\lcp.obj
         obj\DebugSingleLib\mass.obj
         obj\DebugSingleLib\mat.obj
         obj\DebugSingleLib\matrix.obj
         obj\DebugSingleLib\memory.obj
         obj\DebugSingleLib\misc.obj
         obj\DebugSingleLib\nextafterf.obj
         obj\DebugSingleLib\objects.obj
         obj\DebugSingleLib\obstack.obj
         obj\DebugSingleLib\ode.obj
         obj\DebugSingleLib\odeinit.obj
         obj\DebugSingleLib\odemath.obj
         obj\DebugSingleLib\odeou.obj
         obj\DebugSingleLib\odetls.obj
         obj\DebugSingleLib\plane.obj
         obj\DebugSingleLib\quickstep.obj
         obj\DebugSingleLib\ray.obj
         obj\DebugSingleLib\rotation.obj
         obj\DebugSingleLib\sphere.obj
         obj\DebugSingleLib\step.obj
         obj\DebugSingleLib\threading_base.obj
         obj\DebugSingleLib\threading_impl.obj
         obj\DebugSingleLib\threading_pool_posix.obj
         obj\DebugSingleLib\threading_pool_win.obj
         obj\DebugSingleLib\timer.obj
         obj\DebugSingleLib\util.obj
         obj\DebugSingleLib\IceAABB.obj
         obj\DebugSingleLib\IceContainer.obj
         obj\DebugSingleLib\IceHPoint.obj
         obj\DebugSingleLib\IceIndexedTriangle.obj
         obj\DebugSingleLib\IceMatrix3x3.obj
         obj\DebugSingleLib\IceMatrix4x4.obj
         obj\DebugSingleLib\IceOBB.obj
         obj\DebugSingleLib\IcePlane.obj
         obj\DebugSingleLib\IcePoint.obj
         obj\DebugSingleLib\IceRandom.obj
         obj\DebugSingleLib\IceRay.obj
         obj\DebugSingleLib\IceRevisitedRadix.obj
         obj\DebugSingleLib\IceSegment.obj
         obj\DebugSingleLib\IceTriangle.obj
         obj\DebugSingleLib\IceUtils.obj
         obj\DebugSingleLib\Opcode.obj
         obj\DebugSingleLib\OPC_AABBCollider.obj
         obj\DebugSingleLib\OPC_AABBTree.obj
         obj\DebugSingleLib\OPC_BaseModel.obj
         obj\DebugSingleLib\OPC_Collider.obj
         obj\DebugSingleLib\OPC_Common.obj
         obj\DebugSingleLib\OPC_HybridModel.obj
         obj\DebugSingleLib\OPC_LSSCollider.obj
         obj\DebugSingleLib\OPC_MeshInterface.obj
         obj\DebugSingleLib\OPC_Model.obj
         obj\DebugSingleLib\OPC_OBBCollider.obj
         obj\DebugSingleLib\OPC_OptimizedTree.obj
         obj\DebugSingleLib\OPC_Picking.obj
         obj\DebugSingleLib\OPC_PlanesCollider.obj
         obj\DebugSingleLib\OPC_RayCollider.obj
         obj\DebugSingleLib\OPC_SphereCollider.obj
         obj\DebugSingleLib\OPC_TreeBuilders.obj
         obj\DebugSingleLib\OPC_TreeCollider.obj
         obj\DebugSingleLib\OPC_VolumeCollider.obj
         obj\DebugSingleLib\atomic.obj
         obj\DebugSingleLib\customization.obj
         obj\DebugSingleLib\malloc.obj
         obj\DebugSingleLib\threadlocalstorage.obj
         obj\DebugSingleLib\outest.obj
     1>odetls.obj : warning LNK4221: This object file does not define any previously undefined public symbols, so it will not be used by any link operation that consumes this library
     1>collision_trimesh_gimpact.obj : warning LNK4221: This object file does not define any previously undefined public symbols, so it will not be used by any link operation that consumes this library
         ode.vcxproj -> C:\Users\jaseem\Workspace\SimbiconSourceCode2\release\src\ode-0.13\build\vs2008\..\..\..\binaries\Debug\ode.lib
     1>Done Building Project "C:\Users\jaseem\Workspace\SimbiconSourceCode2\release\src\ode-0.13\build\vs2008\ode.vcxproj" (Build target(s)).

Build succeeded.

Time Elapsed 00:00:50.47
