c:\users\jaseem\workspace\simbiconsourcecode2\release\src\physics\release\universaljoint.obj
c:\users\jaseem\workspace\simbiconsourcecode2\release\src\physics\release\spherecdp.obj
c:\users\jaseem\workspace\simbiconsourcecode2\release\src\physics\release\rigidbody.obj
c:\users\jaseem\workspace\simbiconsourcecode2\release\src\physics\release\rbutils.obj
c:\users\jaseem\workspace\simbiconsourcecode2\release\src\physics\release\rbstate.obj
c:\users\jaseem\workspace\simbiconsourcecode2\release\src\physics\release\rbproperties.obj
c:\users\jaseem\workspace\simbiconsourcecode2\release\src\physics\release\precollisionquery.obj
c:\users\jaseem\workspace\simbiconsourcecode2\release\src\physics\release\planecdp.obj
c:\users\jaseem\workspace\simbiconsourcecode2\release\src\physics\release\odeworld.obj
c:\users\jaseem\workspace\simbiconsourcecode2\release\src\physics\release\joint.obj
c:\users\jaseem\workspace\simbiconsourcecode2\release\src\physics\release\hingejoint.obj
c:\users\jaseem\workspace\simbiconsourcecode2\release\src\physics\release\collisiondetectionprimitive.obj
c:\users\jaseem\workspace\simbiconsourcecode2\release\src\physics\release\capsulecdp.obj
c:\users\jaseem\workspace\simbiconsourcecode2\release\src\physics\release\boxcdp.obj
c:\users\jaseem\workspace\simbiconsourcecode2\release\src\physics\release\ballinsocketjoint.obj
c:\users\jaseem\workspace\simbiconsourcecode2\release\src\physics\release\articulatedrigidbody.obj
c:\users\jaseem\workspace\simbiconsourcecode2\release\src\physics\release\articulatedfigure.obj
c:\users\jaseem\workspace\simbiconsourcecode2\release\src\physics\release\abstractrbengine.obj
c:\users\jaseem\workspace\simbiconsourcecode2\release\src\binaries\release\physics.lib
c:\users\jaseem\workspace\simbiconsourcecode2\release\src\physics\../binaries/release\physics.lib
c:\users\jaseem\workspace\simbiconsourcecode2\release\src\physics\release\physics.tlog\cl.command.1.tlog
c:\users\jaseem\workspace\simbiconsourcecode2\release\src\physics\release\physics.tlog\cl.read.1.tlog
c:\users\jaseem\workspace\simbiconsourcecode2\release\src\physics\release\physics.tlog\cl.write.1.tlog
c:\users\jaseem\workspace\simbiconsourcecode2\release\src\physics\release\physics.tlog\lib-link.read.1.tlog
c:\users\jaseem\workspace\simbiconsourcecode2\release\src\physics\release\physics.tlog\lib-link.write.1.tlog
c:\users\jaseem\workspace\simbiconsourcecode2\release\src\physics\release\physics.tlog\lib.command.1.tlog
