c:\users\jaseem\workspace\simbiconsourcecode2\release\src\ode-0.13\build\vs2008\obj\releasesingledll\collision_trimesh_ray.obj
c:\users\jaseem\workspace\simbiconsourcecode2\release\src\ode-0.13\build\vs2008\obj\releasesingledll\collision_trimesh_plane.obj
c:\users\jaseem\workspace\simbiconsourcecode2\release\src\ode-0.13\build\vs2008\obj\releasesingledll\collision_trimesh_opcode.obj
c:\users\jaseem\workspace\simbiconsourcecode2\release\src\ode-0.13\build\vs2008\obj\releasesingledll\collision_trimesh_gimpact.obj
c:\users\jaseem\workspace\simbiconsourcecode2\release\src\ode-0.13\build\vs2008\obj\releasesingledll\collision_trimesh_distance.obj
c:\users\jaseem\workspace\simbiconsourcecode2\release\src\ode-0.13\build\vs2008\obj\releasesingledll\collision_trimesh_disabled.obj
c:\users\jaseem\workspace\simbiconsourcecode2\release\src\ode-0.13\build\vs2008\obj\releasesingledll\collision_trimesh_ccylinder.obj
c:\users\jaseem\workspace\simbiconsourcecode2\release\src\ode-0.13\build\vs2008\obj\releasesingledll\collision_trimesh_box.obj
c:\users\jaseem\workspace\simbiconsourcecode2\release\src\ode-0.13\build\vs2008\obj\releasesingledll\collision_transform.obj
c:\users\jaseem\workspace\simbiconsourcecode2\release\src\ode-0.13\build\vs2008\obj\releasesingledll\collision_space.obj
c:\users\jaseem\workspace\simbiconsourcecode2\release\src\ode-0.13\build\vs2008\obj\releasesingledll\collision_sapspace.obj
c:\users\jaseem\workspace\simbiconsourcecode2\release\src\ode-0.13\build\vs2008\obj\releasesingledll\collision_quadtreespace.obj
c:\users\jaseem\workspace\simbiconsourcecode2\release\src\ode-0.13\build\vs2008\obj\releasesingledll\collision_kernel.obj
c:\users\jaseem\workspace\simbiconsourcecode2\release\src\ode-0.13\build\vs2008\obj\releasesingledll\collision_cylinder_trimesh.obj
c:\users\jaseem\workspace\simbiconsourcecode2\release\src\ode-0.13\build\vs2008\obj\releasesingledll\collision_cylinder_sphere.obj
c:\users\jaseem\workspace\simbiconsourcecode2\release\src\ode-0.13\build\vs2008\obj\releasesingledll\collision_cylinder_plane.obj
c:\users\jaseem\workspace\simbiconsourcecode2\release\src\ode-0.13\build\vs2008\obj\releasesingledll\collision_cylinder_box.obj
c:\users\jaseem\workspace\simbiconsourcecode2\release\src\ode-0.13\build\vs2008\obj\releasesingledll\capsule.obj
c:\users\jaseem\workspace\simbiconsourcecode2\release\src\ode-0.13\build\vs2008\obj\releasesingledll\box.obj
c:\users\jaseem\workspace\simbiconsourcecode2\release\src\ode-0.13\build\vs2008\obj\releasesingledll\array.obj
c:\users\jaseem\workspace\simbiconsourcecode2\release\src\ode-0.13\build\vs2008\obj\releasesingledll\null.obj
c:\users\jaseem\workspace\simbiconsourcecode2\release\src\ode-0.13\build\vs2008\obj\releasesingledll\lmotor.obj
c:\users\jaseem\workspace\simbiconsourcecode2\release\src\ode-0.13\build\vs2008\obj\releasesingledll\joint.obj
c:\users\jaseem\workspace\simbiconsourcecode2\release\src\ode-0.13\build\vs2008\obj\releasesingledll\hinge2.obj
c:\users\jaseem\workspace\simbiconsourcecode2\release\src\ode-0.13\build\vs2008\obj\releasesingledll\hinge.obj
c:\users\jaseem\workspace\simbiconsourcecode2\release\src\ode-0.13\build\vs2008\obj\releasesingledll\fixed.obj
c:\users\jaseem\workspace\simbiconsourcecode2\release\src\ode-0.13\build\vs2008\obj\releasesingledll\dhinge.obj
c:\users\jaseem\workspace\simbiconsourcecode2\release\src\ode-0.13\build\vs2008\obj\releasesingledll\dball.obj
c:\users\jaseem\workspace\simbiconsourcecode2\release\src\ode-0.13\build\vs2008\obj\releasesingledll\contact.obj
c:\users\jaseem\workspace\simbiconsourcecode2\release\src\ode-0.13\build\vs2008\obj\releasesingledll\ball.obj
c:\users\jaseem\workspace\simbiconsourcecode2\release\src\ode-0.13\build\vs2008\obj\releasesingledll\amotor.obj
c:\users\jaseem\workspace\simbiconsourcecode2\release\src\ode-0.13\build\vs2008\obj\releasesingledll\heightfield.obj
c:\users\jaseem\workspace\simbiconsourcecode2\release\src\ode-0.13\build\vs2008\obj\releasesingledll\export-dif.obj
c:\users\jaseem\workspace\simbiconsourcecode2\release\src\ode-0.13\build\vs2008\obj\releasesingledll\error.obj
c:\users\jaseem\workspace\simbiconsourcecode2\release\src\ode-0.13\build\vs2008\obj\releasesingledll\cylinder.obj
c:\users\jaseem\workspace\simbiconsourcecode2\release\src\ode-0.13\build\vs2008\obj\releasesingledll\convex.obj
c:\users\jaseem\workspace\simbiconsourcecode2\release\src\ode-0.13\build\vs2008\obj\releasesingledll\collision_util.obj
c:\users\jaseem\workspace\simbiconsourcecode2\release\src\ode-0.13\build\vs2008\obj\releasesingledll\collision_trimesh_trimesh_new.obj
c:\users\jaseem\workspace\simbiconsourcecode2\release\src\ode-0.13\build\vs2008\obj\releasesingledll\collision_trimesh_trimesh.obj
c:\users\jaseem\workspace\simbiconsourcecode2\release\src\ode-0.13\build\vs2008\obj\releasesingledll\collision_trimesh_sphere.obj
c:\users\jaseem\workspace\simbiconsourcecode2\release\src\ode-0.13\build\vs2008\obj\releasesingledll\odetls.obj
c:\users\jaseem\workspace\simbiconsourcecode2\release\src\ode-0.13\build\vs2008\obj\releasesingledll\odeou.obj
c:\users\jaseem\workspace\simbiconsourcecode2\release\src\ode-0.13\build\vs2008\obj\releasesingledll\odemath.obj
c:\users\jaseem\workspace\simbiconsourcecode2\release\src\ode-0.13\build\vs2008\obj\releasesingledll\odeinit.obj
c:\users\jaseem\workspace\simbiconsourcecode2\release\src\ode-0.13\build\vs2008\obj\releasesingledll\ode.obj
c:\users\jaseem\workspace\simbiconsourcecode2\release\src\ode-0.13\build\vs2008\obj\releasesingledll\obstack.obj
c:\users\jaseem\workspace\simbiconsourcecode2\release\src\ode-0.13\build\vs2008\obj\releasesingledll\objects.obj
c:\users\jaseem\workspace\simbiconsourcecode2\release\src\ode-0.13\build\vs2008\obj\releasesingledll\misc.obj
c:\users\jaseem\workspace\simbiconsourcecode2\release\src\ode-0.13\build\vs2008\obj\releasesingledll\memory.obj
c:\users\jaseem\workspace\simbiconsourcecode2\release\src\ode-0.13\build\vs2008\obj\releasesingledll\matrix.obj
c:\users\jaseem\workspace\simbiconsourcecode2\release\src\ode-0.13\build\vs2008\obj\releasesingledll\mat.obj
c:\users\jaseem\workspace\simbiconsourcecode2\release\src\ode-0.13\build\vs2008\obj\releasesingledll\mass.obj
c:\users\jaseem\workspace\simbiconsourcecode2\release\src\ode-0.13\build\vs2008\obj\releasesingledll\lcp.obj
c:\users\jaseem\workspace\simbiconsourcecode2\release\src\ode-0.13\build\vs2008\obj\releasesingledll\universal.obj
c:\users\jaseem\workspace\simbiconsourcecode2\release\src\ode-0.13\build\vs2008\obj\releasesingledll\transmission.obj
c:\users\jaseem\workspace\simbiconsourcecode2\release\src\ode-0.13\build\vs2008\obj\releasesingledll\slider.obj
c:\users\jaseem\workspace\simbiconsourcecode2\release\src\ode-0.13\build\vs2008\obj\releasesingledll\pu.obj
c:\users\jaseem\workspace\simbiconsourcecode2\release\src\ode-0.13\build\vs2008\obj\releasesingledll\pr.obj
c:\users\jaseem\workspace\simbiconsourcecode2\release\src\ode-0.13\build\vs2008\obj\releasesingledll\plane2d.obj
c:\users\jaseem\workspace\simbiconsourcecode2\release\src\ode-0.13\build\vs2008\obj\releasesingledll\piston.obj
c:\users\jaseem\workspace\simbiconsourcecode2\release\src\ode-0.13\build\vs2008\obj\releasesingledll\iceplane.obj
c:\users\jaseem\workspace\simbiconsourcecode2\release\src\ode-0.13\build\vs2008\obj\releasesingledll\iceobb.obj
c:\users\jaseem\workspace\simbiconsourcecode2\release\src\ode-0.13\build\vs2008\obj\releasesingledll\icematrix4x4.obj
c:\users\jaseem\workspace\simbiconsourcecode2\release\src\ode-0.13\build\vs2008\obj\releasesingledll\icematrix3x3.obj
c:\users\jaseem\workspace\simbiconsourcecode2\release\src\ode-0.13\build\vs2008\obj\releasesingledll\iceindexedtriangle.obj
c:\users\jaseem\workspace\simbiconsourcecode2\release\src\ode-0.13\build\vs2008\obj\releasesingledll\icehpoint.obj
c:\users\jaseem\workspace\simbiconsourcecode2\release\src\ode-0.13\build\vs2008\obj\releasesingledll\icecontainer.obj
c:\users\jaseem\workspace\simbiconsourcecode2\release\src\ode-0.13\build\vs2008\obj\releasesingledll\iceaabb.obj
c:\users\jaseem\workspace\simbiconsourcecode2\release\src\ode-0.13\build\vs2008\obj\releasesingledll\util.obj
c:\users\jaseem\workspace\simbiconsourcecode2\release\src\ode-0.13\build\vs2008\obj\releasesingledll\timer.obj
c:\users\jaseem\workspace\simbiconsourcecode2\release\src\ode-0.13\build\vs2008\obj\releasesingledll\threading_pool_win.obj
c:\users\jaseem\workspace\simbiconsourcecode2\release\src\ode-0.13\build\vs2008\obj\releasesingledll\threading_pool_posix.obj
c:\users\jaseem\workspace\simbiconsourcecode2\release\src\ode-0.13\build\vs2008\obj\releasesingledll\threading_impl.obj
c:\users\jaseem\workspace\simbiconsourcecode2\release\src\ode-0.13\build\vs2008\obj\releasesingledll\threading_base.obj
c:\users\jaseem\workspace\simbiconsourcecode2\release\src\ode-0.13\build\vs2008\obj\releasesingledll\step.obj
c:\users\jaseem\workspace\simbiconsourcecode2\release\src\ode-0.13\build\vs2008\obj\releasesingledll\sphere.obj
c:\users\jaseem\workspace\simbiconsourcecode2\release\src\ode-0.13\build\vs2008\obj\releasesingledll\rotation.obj
c:\users\jaseem\workspace\simbiconsourcecode2\release\src\ode-0.13\build\vs2008\obj\releasesingledll\ray.obj
c:\users\jaseem\workspace\simbiconsourcecode2\release\src\ode-0.13\build\vs2008\obj\releasesingledll\quickstep.obj
c:\users\jaseem\workspace\simbiconsourcecode2\release\src\ode-0.13\build\vs2008\obj\releasesingledll\plane.obj
c:\users\jaseem\workspace\simbiconsourcecode2\release\src\ode-0.13\build\vs2008\obj\releasesingledll\opc_picking.obj
c:\users\jaseem\workspace\simbiconsourcecode2\release\src\ode-0.13\build\vs2008\obj\releasesingledll\opc_optimizedtree.obj
c:\users\jaseem\workspace\simbiconsourcecode2\release\src\ode-0.13\build\vs2008\obj\releasesingledll\opc_obbcollider.obj
c:\users\jaseem\workspace\simbiconsourcecode2\release\src\ode-0.13\build\vs2008\obj\releasesingledll\opc_model.obj
c:\users\jaseem\workspace\simbiconsourcecode2\release\src\ode-0.13\build\vs2008\obj\releasesingledll\opc_meshinterface.obj
c:\users\jaseem\workspace\simbiconsourcecode2\release\src\ode-0.13\build\vs2008\obj\releasesingledll\opc_lsscollider.obj
c:\users\jaseem\workspace\simbiconsourcecode2\release\src\ode-0.13\build\vs2008\obj\releasesingledll\opc_hybridmodel.obj
c:\users\jaseem\workspace\simbiconsourcecode2\release\src\ode-0.13\build\vs2008\obj\releasesingledll\opc_common.obj
c:\users\jaseem\workspace\simbiconsourcecode2\release\src\ode-0.13\build\vs2008\obj\releasesingledll\opc_collider.obj
c:\users\jaseem\workspace\simbiconsourcecode2\release\src\ode-0.13\build\vs2008\obj\releasesingledll\opc_basemodel.obj
c:\users\jaseem\workspace\simbiconsourcecode2\release\src\ode-0.13\build\vs2008\obj\releasesingledll\opc_aabbtree.obj
c:\users\jaseem\workspace\simbiconsourcecode2\release\src\ode-0.13\build\vs2008\obj\releasesingledll\opc_aabbcollider.obj
c:\users\jaseem\workspace\simbiconsourcecode2\release\src\ode-0.13\build\vs2008\obj\releasesingledll\opcode.obj
c:\users\jaseem\workspace\simbiconsourcecode2\release\src\ode-0.13\build\vs2008\obj\releasesingledll\iceutils.obj
c:\users\jaseem\workspace\simbiconsourcecode2\release\src\ode-0.13\build\vs2008\obj\releasesingledll\icetriangle.obj
c:\users\jaseem\workspace\simbiconsourcecode2\release\src\ode-0.13\build\vs2008\obj\releasesingledll\icesegment.obj
c:\users\jaseem\workspace\simbiconsourcecode2\release\src\ode-0.13\build\vs2008\obj\releasesingledll\icerevisitedradix.obj
c:\users\jaseem\workspace\simbiconsourcecode2\release\src\ode-0.13\build\vs2008\obj\releasesingledll\iceray.obj
c:\users\jaseem\workspace\simbiconsourcecode2\release\src\ode-0.13\build\vs2008\obj\releasesingledll\icerandom.obj
c:\users\jaseem\workspace\simbiconsourcecode2\release\src\ode-0.13\build\vs2008\obj\releasesingledll\icepoint.obj
c:\users\jaseem\workspace\simbiconsourcecode2\release\src\ode-0.13\build\vs2008\obj\releasesingledll\outest.obj
c:\users\jaseem\workspace\simbiconsourcecode2\release\src\ode-0.13\build\vs2008\obj\releasesingledll\threadlocalstorage.obj
c:\users\jaseem\workspace\simbiconsourcecode2\release\src\ode-0.13\build\vs2008\obj\releasesingledll\malloc.obj
c:\users\jaseem\workspace\simbiconsourcecode2\release\src\ode-0.13\build\vs2008\obj\releasesingledll\customization.obj
c:\users\jaseem\workspace\simbiconsourcecode2\release\src\ode-0.13\build\vs2008\obj\releasesingledll\atomic.obj
c:\users\jaseem\workspace\simbiconsourcecode2\release\src\ode-0.13\build\vs2008\obj\releasesingledll\opc_volumecollider.obj
c:\users\jaseem\workspace\simbiconsourcecode2\release\src\ode-0.13\build\vs2008\obj\releasesingledll\opc_treecollider.obj
c:\users\jaseem\workspace\simbiconsourcecode2\release\src\ode-0.13\build\vs2008\obj\releasesingledll\opc_treebuilders.obj
c:\users\jaseem\workspace\simbiconsourcecode2\release\src\ode-0.13\build\vs2008\obj\releasesingledll\opc_spherecollider.obj
c:\users\jaseem\workspace\simbiconsourcecode2\release\src\ode-0.13\build\vs2008\obj\releasesingledll\opc_raycollider.obj
c:\users\jaseem\workspace\simbiconsourcecode2\release\src\ode-0.13\build\vs2008\obj\releasesingledll\opc_planescollider.obj
c:\users\jaseem\workspace\simbiconsourcecode2\release\src\ode-0.13\build\vs2008\obj\releasesingledll\nextafterf.obj
c:\users\jaseem\workspace\simbiconsourcecode2\release\src\ode-0.13\build\vs2008\obj\releasesingledll\fastltsolve.obj
c:\users\jaseem\workspace\simbiconsourcecode2\release\src\ode-0.13\build\vs2008\obj\releasesingledll\fastlsolve.obj
c:\users\jaseem\workspace\simbiconsourcecode2\release\src\ode-0.13\build\vs2008\obj\releasesingledll\fastldlt.obj
c:\users\jaseem\workspace\simbiconsourcecode2\release\src\ode-0.13\build\vs2008\obj\releasesingledll\fastdot.obj
c:\users\jaseem\workspace\simbiconsourcecode2\release\src\ode-0.13\lib\releasesingledll\ode_single.dll
c:\users\jaseem\workspace\simbiconsourcecode2\release\src\ode-0.13\lib\releasesingledll\ode_single.lib
c:\users\jaseem\workspace\simbiconsourcecode2\release\src\ode-0.13\lib\releasesingledll\ode_single.exp
c:\users\jaseem\workspace\simbiconsourcecode2\release\src\ode-0.13\build\vs2008\obj\releasesingledll\ode.tlog\cl.command.1.tlog
c:\users\jaseem\workspace\simbiconsourcecode2\release\src\ode-0.13\build\vs2008\obj\releasesingledll\ode.tlog\cl.read.1.tlog
c:\users\jaseem\workspace\simbiconsourcecode2\release\src\ode-0.13\build\vs2008\obj\releasesingledll\ode.tlog\cl.write.1.tlog
c:\users\jaseem\workspace\simbiconsourcecode2\release\src\ode-0.13\build\vs2008\obj\releasesingledll\ode.tlog\link.command.1.tlog
c:\users\jaseem\workspace\simbiconsourcecode2\release\src\ode-0.13\build\vs2008\obj\releasesingledll\ode.tlog\link.read.1.tlog
c:\users\jaseem\workspace\simbiconsourcecode2\release\src\ode-0.13\build\vs2008\obj\releasesingledll\ode.tlog\link.write.1.tlog
c:\users\jaseem\workspace\simbiconsourcecode2\release\src\ode-0.13\build\vs2008\obj\releasesingledll\ode.tlog\ode.write.1u.tlog
