Build started 18-Sep-15 2:27:31 PM.
     1>Project "C:\Users\jaseem\Workspace\SimbiconSourceCode2\release\src\gsl\gsl.vcxproj" on node 4 (Build target(s)).
     1>ClCompile:
         C:\Program Files (x86)\Microsoft Visual Studio 14.0\VC\bin\CL.exe /c /I../ /nologo /W3 /WX- /O2 /Ot /Oy- /D WIN32 /D NDEBUG /D _LIB /D _VC80_UPGRADE=0x0710 /D _MBCS /Gm- /EHsc /MT /GS /arch:SSE2 /fp:precise /Zc:wchar_t /Zc:forScope /Zc:inline /Fo"Release\\" /Fd"Release\gsl.pdb" /Gd /TC /wd4996 /analyze- /errorReport:prompt blas\blas.c blas\cblas.c block\block.c block\file.c block\init.c error.c matrix\getset.c matrix\matrix.c vector\copy.c vector\minmax.c vector\oper.c vector\prop.c vector\swap.c vector\vector.c
         blas.c
         cblas.c
         block.c
         file.c
         init.c
         error.c
     1>error.c(40): warning C4474: 'printf' : too many arguments passed for format string
         error.c(40): note: placeholders and their parameters expect 0 variadic arguments, but 3 were provided
         getset.c
         matrix.c
         copy.c
         minmax.c
         oper.c
         prop.c
         swap.c
         vector.c
         Generating Code...
         C:\Program Files (x86)\Microsoft Visual Studio 14.0\VC\bin\CL.exe /c /I../ /nologo /W3 /WX- /O2 /Ot /Oy- /D WIN32 /D NDEBUG /D _LIB /D _VC80_UPGRADE=0x0710 /D _MBCS /Gm- /EHsc /MT /GS /arch:SSE2 /fp:precise /Zc:wchar_t /Zc:forScope /Zc:inline /Fo"Release\copy1.obj" /Fd"Release\gsl.pdb" /Gd /TC /wd4996 /analyze- /errorReport:prompt matrix\copy.c
         copy.c
         C:\Program Files (x86)\Microsoft Visual Studio 14.0\VC\bin\CL.exe /c /I../ /nologo /W3 /WX- /O2 /Ot /Oy- /D WIN32 /D NDEBUG /D _LIB /D _VC80_UPGRADE=0x0710 /D _MBCS /Gm- /EHsc /MT /GS /arch:SSE2 /fp:precise /Zc:wchar_t /Zc:forScope /Zc:inline /Fo"Release\file2.obj" /Fd"Release\gsl.pdb" /Gd /TC /wd4996 /analyze- /errorReport:prompt matrix\file.c
         file.c
         C:\Program Files (x86)\Microsoft Visual Studio 14.0\VC\bin\CL.exe /c /I../ /nologo /W3 /WX- /O2 /Ot /Oy- /D WIN32 /D NDEBUG /D _LIB /D _VC80_UPGRADE=0x0710 /D _MBCS /Gm- /EHsc /MT /GS /arch:SSE2 /fp:precise /Zc:wchar_t /Zc:forScope /Zc:inline /Fo"Release\init2.obj" /Fd"Release\gsl.pdb" /Gd /TC /wd4996 /analyze- /errorReport:prompt matrix\init.c
         init.c
         C:\Program Files (x86)\Microsoft Visual Studio 14.0\VC\bin\CL.exe /c /I../ /nologo /W3 /WX- /O2 /Ot /Oy- /D WIN32 /D NDEBUG /D _LIB /D _VC80_UPGRADE=0x0710 /D _MBCS /Gm- /EHsc /MT /GS /arch:SSE2 /fp:precise /Zc:wchar_t /Zc:forScope /Zc:inline /Fo"Release\minmax1.obj" /Fd"Release\gsl.pdb" /Gd /TC /wd4996 /analyze- /errorReport:prompt matrix\minmax.c
         minmax.c
         C:\Program Files (x86)\Microsoft Visual Studio 14.0\VC\bin\CL.exe /c /I../ /nologo /W3 /WX- /O2 /Ot /Oy- /D WIN32 /D NDEBUG /D _LIB /D _VC80_UPGRADE=0x0710 /D _MBCS /Gm- /EHsc /MT /GS /arch:SSE2 /fp:precise /Zc:wchar_t /Zc:forScope /Zc:inline /Fo"Release\oper1.obj" /Fd"Release\gsl.pdb" /Gd /TC /wd4996 /analyze- /errorReport:prompt matrix\oper.c
         oper.c
         C:\Program Files (x86)\Microsoft Visual Studio 14.0\VC\bin\CL.exe /c /I../ /nologo /W3 /WX- /O2 /Ot /Oy- /D WIN32 /D NDEBUG /D _LIB /D _VC80_UPGRADE=0x0710 /D _MBCS /Gm- /EHsc /MT /GS /arch:SSE2 /fp:precise /Zc:wchar_t /Zc:forScope /Zc:inline /Fo"Release\prop1.obj" /Fd"Release\gsl.pdb" /Gd /TC /wd4996 /analyze- /errorReport:prompt matrix\prop.c
         prop.c
         C:\Program Files (x86)\Microsoft Visual Studio 14.0\VC\bin\CL.exe /c /I../ /nologo /W3 /WX- /O2 /Ot /Oy- /D WIN32 /D NDEBUG /D _LIB /D _VC80_UPGRADE=0x0710 /D _MBCS /Gm- /EHsc /MT /GS /arch:SSE2 /fp:precise /Zc:wchar_t /Zc:forScope /Zc:inline /Fo"Release\swap1.obj" /Fd"Release\gsl.pdb" /Gd /TC /wd4996 /analyze- /errorReport:prompt matrix\swap.c
         swap.c
         C:\Program Files (x86)\Microsoft Visual Studio 14.0\VC\bin\CL.exe /c /I../ /nologo /W3 /WX- /O2 /Ot /Oy- /D WIN32 /D NDEBUG /D _LIB /D _VC80_UPGRADE=0x0710 /D _MBCS /Gm- /EHsc /MT /GS /arch:SSE2 /fp:precise /Zc:wchar_t /Zc:forScope /Zc:inline /Fo"Release\file1.obj" /Fd"Release\gsl.pdb" /Gd /TC /wd4996 /analyze- /errorReport:prompt vector\file.c
         file.c
         C:\Program Files (x86)\Microsoft Visual Studio 14.0\VC\bin\CL.exe /c /I../ /nologo /W3 /WX- /O2 /Ot /Oy- /D WIN32 /D NDEBUG /D _LIB /D _VC80_UPGRADE=0x0710 /D _MBCS /Gm- /EHsc /MT /GS /arch:SSE2 /fp:precise /Zc:wchar_t /Zc:forScope /Zc:inline /Fo"Release\init1.obj" /Fd"Release\gsl.pdb" /Gd /TC /wd4996 /analyze- /errorReport:prompt vector\init.c
         init.c
       Lib:
         C:\Program Files (x86)\Microsoft Visual Studio 14.0\VC\bin\Lib.exe /OUT:"..\binaries\Release\gsl.lib" /NOLOGO Release\blas.obj
         Release\cblas.obj
         Release\block.obj
         Release\file.obj
         Release\init.obj
         Release\error.obj
         Release\getset.obj
         Release\matrix.obj
         Release\copy.obj
         Release\minmax.obj
         Release\oper.obj
         Release\prop.obj
         Release\swap.obj
         Release\vector.obj
         Release\copy1.obj
         Release\file2.obj
         Release\init2.obj
         Release\minmax1.obj
         Release\oper1.obj
         Release\prop1.obj
         Release\swap1.obj
         Release\file1.obj
         Release\init1.obj
         gsl.vcxproj -> C:\Users\jaseem\Workspace\SimbiconSourceCode2\release\src\gsl\..\binaries\Release\gsl.lib
     1>Done Building Project "C:\Users\jaseem\Workspace\SimbiconSourceCode2\release\src\gsl\gsl.vcxproj" (Build target(s)).

Build succeeded.

Time Elapsed 00:00:07.37
