c:\users\jaseem\workspace\simbiconsourcecode2\release\src\gsl\release\vector.obj
c:\users\jaseem\workspace\simbiconsourcecode2\release\src\gsl\release\swap.obj
c:\users\jaseem\workspace\simbiconsourcecode2\release\src\gsl\release\prop.obj
c:\users\jaseem\workspace\simbiconsourcecode2\release\src\gsl\release\oper.obj
c:\users\jaseem\workspace\simbiconsourcecode2\release\src\gsl\release\minmax.obj
c:\users\jaseem\workspace\simbiconsourcecode2\release\src\gsl\release\copy.obj
c:\users\jaseem\workspace\simbiconsourcecode2\release\src\gsl\release\matrix.obj
c:\users\jaseem\workspace\simbiconsourcecode2\release\src\gsl\release\getset.obj
c:\users\jaseem\workspace\simbiconsourcecode2\release\src\gsl\release\error.obj
c:\users\jaseem\workspace\simbiconsourcecode2\release\src\gsl\release\init.obj
c:\users\jaseem\workspace\simbiconsourcecode2\release\src\gsl\release\file.obj
c:\users\jaseem\workspace\simbiconsourcecode2\release\src\gsl\release\block.obj
c:\users\jaseem\workspace\simbiconsourcecode2\release\src\gsl\release\cblas.obj
c:\users\jaseem\workspace\simbiconsourcecode2\release\src\gsl\release\blas.obj
c:\users\jaseem\workspace\simbiconsourcecode2\release\src\gsl\release\copy1.obj
c:\users\jaseem\workspace\simbiconsourcecode2\release\src\gsl\release\file2.obj
c:\users\jaseem\workspace\simbiconsourcecode2\release\src\gsl\release\init2.obj
c:\users\jaseem\workspace\simbiconsourcecode2\release\src\gsl\release\minmax1.obj
c:\users\jaseem\workspace\simbiconsourcecode2\release\src\gsl\release\oper1.obj
c:\users\jaseem\workspace\simbiconsourcecode2\release\src\gsl\release\prop1.obj
c:\users\jaseem\workspace\simbiconsourcecode2\release\src\gsl\release\swap1.obj
c:\users\jaseem\workspace\simbiconsourcecode2\release\src\gsl\release\file1.obj
c:\users\jaseem\workspace\simbiconsourcecode2\release\src\gsl\release\init1.obj
c:\users\jaseem\workspace\simbiconsourcecode2\release\src\binaries\release\gsl.lib
c:\users\jaseem\workspace\simbiconsourcecode2\release\src\gsl\..\binaries\release\gsl.lib
c:\users\jaseem\workspace\simbiconsourcecode2\release\src\gsl\release\gsl.tlog\cl.command.1.tlog
c:\users\jaseem\workspace\simbiconsourcecode2\release\src\gsl\release\gsl.tlog\cl.read.1.tlog
c:\users\jaseem\workspace\simbiconsourcecode2\release\src\gsl\release\gsl.tlog\cl.write.1.tlog
c:\users\jaseem\workspace\simbiconsourcecode2\release\src\gsl\release\gsl.tlog\lib-link.read.1.tlog
c:\users\jaseem\workspace\simbiconsourcecode2\release\src\gsl\release\gsl.tlog\lib-link.write.1.tlog
c:\users\jaseem\workspace\simbiconsourcecode2\release\src\gsl\release\gsl.tlog\lib.command.1.tlog
